0 verbose cli /usr/local/bin/node /usr/local/bin/npm
1 info using npm@10.9.2
2 info using node@v22.14.0
3 silly config load:file:/usr/local/lib/node_modules/npm/npmrc
4 silly config load:file:/Users/akshata/Desktop/Project/Pregnancy Risk Calculator/frontend/.npmrc
5 silly config load:file:/Users/akshata/.npmrc
6 silly config load:file:/usr/local/etc/npmrc
7 verbose title npm install tailwindcss@3.4.14 postcss autoprefixer
8 verbose argv "install" "--save-dev" "tailwindcss@3.4.14" "postcss" "autoprefixer"
9 verbose logfile logs-max:10 dir:/Users/akshata/Desktop/Project/Pregnancy Risk Calculator/.npm-cache/_logs/2025-11-25T09_53_49_718Z-
10 verbose logfile /Users/akshata/Desktop/Project/Pregnancy Risk Calculator/.npm-cache/_logs/2025-11-25T09_53_49_718Z-debug-0.log
11 silly logfile done cleaning log files
12 silly packumentCache heap:2197815296 maxSize:549453824 maxEntrySize:274726912
13 silly idealTree buildDeps
14 silly fetch manifest autoprefixer@^10.4.22
15 silly packumentCache full:https://registry.npmjs.org/autoprefixer cache-miss
16 http cache https://registry.npmjs.org/autoprefixer 18ms (cache hit)
17 silly packumentCache full:https://registry.npmjs.org/autoprefixer set size:1250036 disposed:false
18 silly fetch manifest postcss@^8.5.6
19 silly packumentCache full:https://registry.npmjs.org/postcss cache-miss
20 http cache https://registry.npmjs.org/postcss 2ms (cache hit)
21 silly packumentCache full:https://registry.npmjs.org/postcss set size:696248 disposed:false
22 silly fetch manifest tailwindcss@3.4.14
23 silly packumentCache full:https://registry.npmjs.org/tailwindcss cache-miss
24 http cache https://registry.npmjs.org/tailwindcss 13ms (cache hit)
25 silly packumentCache full:https://registry.npmjs.org/tailwindcss set size:9903664 disposed:false
26 silly placeDep ROOT autoprefixer@10.4.22 REPLACE for: frontend@0.0.0 want: ^10.4.22
27 silly placeDep ROOT postcss@8.5.6 REPLACE for: frontend@0.0.0 want: ^8.5.6
28 silly placeDep ROOT tailwindcss@3.4.14 REPLACE for: frontend@0.0.0 want: 3.4.14
29 silly fetch manifest arg@^5.0.2
30 silly packumentCache full:https://registry.npmjs.org/arg cache-miss
31 silly fetch manifest dlv@^1.1.3
32 silly packumentCache full:https://registry.npmjs.org/dlv cache-miss
33 silly fetch manifest jiti@^1.21.0
34 silly packumentCache full:https://registry.npmjs.org/jiti cache-miss
35 silly fetch manifest resolve@^1.22.2
36 silly packumentCache full:https://registry.npmjs.org/resolve cache-miss
37 silly fetch manifest sucrase@^3.32.0
38 silly packumentCache full:https://registry.npmjs.org/sucrase cache-miss
39 silly fetch manifest chokidar@^3.5.3
40 silly packumentCache full:https://registry.npmjs.org/chokidar cache-miss
41 silly fetch manifest fast-glob@^3.3.0
42 silly packumentCache full:https://registry.npmjs.org/fast-glob cache-miss
43 http cache https://registry.npmjs.org/jiti 40ms (cache hit)
44 silly packumentCache full:https://registry.npmjs.org/jiti set size:382310 disposed:false
45 silly fetch manifest lilconfig@^2.1.0
46 silly packumentCache full:https://registry.npmjs.org/lilconfig cache-miss
47 http fetch GET 200 https://registry.npmjs.org/fast-glob 144ms (cache miss)
48 silly packumentCache full:https://registry.npmjs.org/fast-glob set size:undefined disposed:false
49 silly fetch manifest didyoumean@^1.2.2
50 silly packumentCache full:https://registry.npmjs.org/didyoumean cache-miss
51 http fetch GET 200 https://registry.npmjs.org/arg 173ms (cache miss)
52 silly packumentCache full:https://registry.npmjs.org/arg set size:undefined disposed:false
53 silly fetch manifest micromatch@^4.0.5
54 silly packumentCache full:https://registry.npmjs.org/micromatch cache-miss
55 http fetch GET 200 https://registry.npmjs.org/sucrase 217ms (cache miss)
56 silly packumentCache full:https://registry.npmjs.org/sucrase set size:undefined disposed:false
57 silly fetch manifest postcss-js@^4.0.1
58 silly packumentCache full:https://registry.npmjs.org/postcss-js cache-miss
59 http fetch GET 200 https://registry.npmjs.org/resolve 224ms (cache miss)
60 silly packumentCache full:https://registry.npmjs.org/resolve set size:undefined disposed:false
61 silly fetch manifest object-hash@^3.0.0
62 silly packumentCache full:https://registry.npmjs.org/object-hash cache-miss
63 http fetch GET 200 https://registry.npmjs.org/dlv 228ms (cache miss)
64 silly packumentCache full:https://registry.npmjs.org/dlv set size:undefined disposed:false
65 silly fetch manifest normalize-path@^3.0.0
66 silly packumentCache full:https://registry.npmjs.org/normalize-path cache-miss
67 http fetch GET 200 https://registry.npmjs.org/chokidar 243ms (cache miss)
68 silly packumentCache full:https://registry.npmjs.org/chokidar set size:undefined disposed:false
69 silly fetch manifest postcss-import@^15.1.0
70 silly packumentCache full:https://registry.npmjs.org/postcss-import cache-miss
71 http fetch GET 200 https://registry.npmjs.org/didyoumean 104ms (cache miss)
72 silly packumentCache full:https://registry.npmjs.org/didyoumean set size:undefined disposed:false
73 silly fetch manifest postcss-nested@^6.0.1
74 silly packumentCache full:https://registry.npmjs.org/postcss-nested cache-miss
75 http fetch GET 200 https://registry.npmjs.org/object-hash 52ms (cache miss)
76 silly packumentCache full:https://registry.npmjs.org/object-hash set size:undefined disposed:false
77 silly fetch manifest @alloc/quick-lru@^5.2.0
78 silly packumentCache full:https://registry.npmjs.org/@alloc%2fquick-lru cache-miss
79 http fetch GET 200 https://registry.npmjs.org/normalize-path 73ms (cache miss)
80 silly packumentCache full:https://registry.npmjs.org/normalize-path set size:undefined disposed:false
81 silly fetch manifest postcss-load-config@^4.0.1
82 silly packumentCache full:https://registry.npmjs.org/postcss-load-config cache-miss
83 http fetch GET 200 https://registry.npmjs.org/lilconfig 268ms (cache miss)
84 silly packumentCache full:https://registry.npmjs.org/lilconfig set size:undefined disposed:false
85 silly fetch manifest postcss-selector-parser@^6.0.11
86 silly packumentCache full:https://registry.npmjs.org/postcss-selector-parser cache-miss
87 http fetch GET 200 https://registry.npmjs.org/postcss-nested 71ms (cache miss)
88 silly packumentCache full:https://registry.npmjs.org/postcss-nested set size:undefined disposed:false
89 http fetch GET 200 https://registry.npmjs.org/micromatch 201ms (cache miss)
90 silly packumentCache full:https://registry.npmjs.org/micromatch set size:undefined disposed:false
91 http fetch GET 200 https://registry.npmjs.org/postcss-load-config 101ms (cache miss)
92 silly packumentCache full:https://registry.npmjs.org/postcss-load-config set size:undefined disposed:false
93 http fetch GET 200 https://registry.npmjs.org/postcss-js 197ms (cache miss)
94 silly packumentCache full:https://registry.npmjs.org/postcss-js set size:undefined disposed:false
95 http fetch GET 200 https://registry.npmjs.org/postcss-import 205ms (cache miss)
96 silly packumentCache full:https://registry.npmjs.org/postcss-import set size:undefined disposed:false
97 http fetch GET 200 https://registry.npmjs.org/postcss-selector-parser 197ms (cache miss)
98 silly packumentCache full:https://registry.npmjs.org/postcss-selector-parser set size:undefined disposed:false
99 http fetch GET 200 https://registry.npmjs.org/@alloc%2fquick-lru 508ms (cache miss)
100 silly packumentCache full:https://registry.npmjs.org/@alloc%2fquick-lru set size:undefined disposed:false
101 silly fetch manifest postcss@^8.4.23
102 silly packumentCache full:https://registry.npmjs.org/postcss cache-hit
103 silly fetch manifest ts-node@>=9.0.0
104 silly packumentCache full:https://registry.npmjs.org/ts-node cache-miss
105 http fetch GET 200 https://registry.npmjs.org/ts-node 95ms (cache miss)
106 silly packumentCache full:https://registry.npmjs.org/ts-node set size:undefined disposed:false
107 silly fetch manifest @swc/core@>=1.2.50
108 silly packumentCache full:https://registry.npmjs.org/@swc%2fcore cache-miss
109 http fetch GET 200 https://registry.npmjs.org/@swc%2fcore 203ms (cache miss)
110 silly packumentCache full:https://registry.npmjs.org/@swc%2fcore set size:undefined disposed:false
111 silly fetch manifest @swc/helpers@>=0.5.17
112 silly packumentCache full:https://registry.npmjs.org/@swc%2fhelpers cache-miss
113 http fetch GET 200 https://registry.npmjs.org/@swc%2fhelpers 291ms (cache miss)
114 silly packumentCache full:https://registry.npmjs.org/@swc%2fhelpers set size:undefined disposed:false
115 silly fetch manifest @swc/wasm@>=1.2.50
116 silly packumentCache full:https://registry.npmjs.org/@swc%2fwasm cache-miss
117 http fetch GET 200 https://registry.npmjs.org/@swc%2fwasm 609ms (cache miss)
118 silly packumentCache full:https://registry.npmjs.org/@swc%2fwasm set size:undefined disposed:false
119 silly fetch manifest @types/node@*
120 silly packumentCache full:https://registry.npmjs.org/@types%2fnode cache-miss
121 http cache https://registry.npmjs.org/@types%2fnode 20ms (cache hit)
122 silly packumentCache full:https://registry.npmjs.org/@types%2fnode set size:10693501 disposed:false
123 silly fetch manifest typescript@>=2.7
124 silly packumentCache full:https://registry.npmjs.org/typescript cache-miss
125 http fetch GET 200 https://registry.npmjs.org/typescript 418ms (cache miss)
126 silly packumentCache full:https://registry.npmjs.org/typescript set size:undefined disposed:false
127 silly placeDep ROOT @alloc/quick-lru@5.2.0 OK for: tailwindcss@3.4.14 want: ^5.2.0
128 silly placeDep ROOT arg@5.0.2 OK for: tailwindcss@3.4.14 want: ^5.0.2
129 silly placeDep ROOT chokidar@3.6.0 OK for: tailwindcss@3.4.14 want: ^3.5.3
130 silly placeDep ROOT didyoumean@1.2.2 OK for: tailwindcss@3.4.14 want: ^1.2.2
131 silly placeDep ROOT dlv@1.1.3 OK for: tailwindcss@3.4.14 want: ^1.1.3
132 silly placeDep ROOT fast-glob@3.3.3 OK for: tailwindcss@3.4.14 want: ^3.3.0
133 silly placeDep ROOT jiti@1.21.7 OK for: tailwindcss@3.4.14 want: ^1.21.0
134 silly placeDep ROOT lilconfig@2.1.0 OK for: tailwindcss@3.4.14 want: ^2.1.0
135 silly placeDep ROOT micromatch@4.0.8 OK for: tailwindcss@3.4.14 want: ^4.0.5
136 silly placeDep ROOT normalize-path@3.0.0 OK for: tailwindcss@3.4.14 want: ^3.0.0
137 silly placeDep ROOT object-hash@3.0.0 OK for: tailwindcss@3.4.14 want: ^3.0.0
138 silly placeDep ROOT postcss-import@15.1.0 OK for: tailwindcss@3.4.14 want: ^15.1.0
139 silly placeDep ROOT postcss-js@4.1.0 OK for: tailwindcss@3.4.14 want: ^4.0.1
140 silly placeDep ROOT postcss-load-config@4.0.2 OK for: tailwindcss@3.4.14 want: ^4.0.1
141 silly placeDep ROOT postcss-nested@6.2.0 OK for: tailwindcss@3.4.14 want: ^6.0.1
142 silly placeDep ROOT postcss-selector-parser@6.1.2 OK for: tailwindcss@3.4.14 want: ^6.0.11
143 silly placeDep ROOT resolve@1.22.11 OK for: tailwindcss@3.4.14 want: ^1.22.2
144 silly placeDep ROOT sucrase@3.35.1 OK for: tailwindcss@3.4.14 want: ^3.32.0
145 silly fetch manifest braces@~3.0.2
146 silly packumentCache full:https://registry.npmjs.org/braces cache-miss
147 silly fetch manifest anymatch@~3.1.2
148 silly packumentCache full:https://registry.npmjs.org/anymatch cache-miss
149 silly fetch manifest readdirp@~3.6.0
150 silly packumentCache full:https://registry.npmjs.org/readdirp cache-miss
151 silly fetch manifest glob-parent@~5.1.2
152 silly packumentCache full:https://registry.npmjs.org/glob-parent cache-miss
153 silly fetch manifest is-binary-path@~2.1.0
154 silly packumentCache full:https://registry.npmjs.org/is-binary-path cache-miss
155 silly fetch manifest normalize-path@~3.0.0
156 silly packumentCache full:https://registry.npmjs.org/normalize-path cache-miss
157 silly fetch manifest @nodelib/fs.stat@^2.0.2
158 silly packumentCache full:https://registry.npmjs.org/@nodelib%2ffs.stat cache-miss
159 http cache https://registry.npmjs.org/normalize-path 2ms (cache hit)
160 silly packumentCache full:https://registry.npmjs.org/normalize-path set size:28713 disposed:false
161 silly fetch manifest @nodelib/fs.walk@^1.2.3
162 silly packumentCache full:https://registry.npmjs.org/@nodelib%2ffs.walk cache-miss
163 http cache https://registry.npmjs.org/glob-parent 4ms (cache hit)
164 silly packumentCache full:https://registry.npmjs.org/glob-parent set size:42445 disposed:false
165 silly fetch manifest glob-parent@^5.1.2
166 silly packumentCache full:https://registry.npmjs.org/glob-parent cache-hit
167 silly fetch manifest merge2@^1.3.0
168 silly packumentCache full:https://registry.npmjs.org/merge2 cache-miss
169 http fetch GET 200 https://registry.npmjs.org/anymatch 65ms (cache miss)
170 silly packumentCache full:https://registry.npmjs.org/anymatch set size:undefined disposed:false
171 silly fetch manifest micromatch@^4.0.8
172 silly packumentCache full:https://registry.npmjs.org/micromatch cache-miss
173 http cache https://registry.npmjs.org/micromatch 2ms (cache hit)
174 silly packumentCache full:https://registry.npmjs.org/micromatch set size:240630 disposed:false
175 silly fetch manifest braces@^3.0.3
176 silly packumentCache full:https://registry.npmjs.org/braces cache-miss
177 http fetch GET 200 https://registry.npmjs.org/readdirp 70ms (cache miss)
178 silly packumentCache full:https://registry.npmjs.org/readdirp set size:undefined disposed:false
179 silly fetch manifest picomatch@^2.3.1
180 silly packumentCache full:https://registry.npmjs.org/picomatch cache-miss
181 http fetch GET 200 https://registry.npmjs.org/@nodelib%2ffs.stat 71ms (cache miss)
182 silly packumentCache full:https://registry.npmjs.org/@nodelib%2ffs.stat set size:undefined disposed:false
183 silly fetch manifest resolve@^1.1.7
184 silly packumentCache full:https://registry.npmjs.org/resolve cache-miss
185 http cache https://registry.npmjs.org/resolve 2ms (cache hit)
186 silly packumentCache full:https://registry.npmjs.org/resolve set size:246681 disposed:false
187 silly fetch manifest read-cache@^1.0.0
188 silly packumentCache full:https://registry.npmjs.org/read-cache cache-miss
189 http cache https://registry.npmjs.org/picomatch 3ms (cache hit)
190 silly packumentCache full:https://registry.npmjs.org/picomatch set size:118818 disposed:false
191 silly fetch manifest camelcase-css@^2.0.1
192 silly packumentCache full:https://registry.npmjs.org/camelcase-css cache-miss
193 http fetch GET 200 https://registry.npmjs.org/merge2 81ms (cache miss)
194 silly packumentCache full:https://registry.npmjs.org/merge2 set size:undefined disposed:false
195 silly fetch manifest yaml@^2.3.4
196 silly packumentCache full:https://registry.npmjs.org/yaml cache-miss
197 http fetch GET 200 https://registry.npmjs.org/braces 87ms (cache miss)
198 silly packumentCache full:https://registry.npmjs.org/braces set size:undefined disposed:false
199 silly fetch manifest lilconfig@^3.0.0
200 silly packumentCache full:https://registry.npmjs.org/lilconfig cache-miss
201 http cache https://registry.npmjs.org/yaml 3ms (cache hit)
202 silly packumentCache full:https://registry.npmjs.org/yaml set size:361238 disposed:false
203 silly fetch manifest postcss-selector-parser@^6.1.1
204 silly packumentCache full:https://registry.npmjs.org/postcss-selector-parser cache-miss
205 http cache https://registry.npmjs.org/lilconfig 4ms (cache hit)
206 silly packumentCache full:https://registry.npmjs.org/lilconfig set size:45636 disposed:false
207 silly fetch manifest cssesc@^3.0.0
208 silly packumentCache full:https://registry.npmjs.org/cssesc cache-miss
209 http cache https://registry.npmjs.org/postcss-selector-parser 2ms (cache hit)
210 silly packumentCache full:https://registry.npmjs.org/postcss-selector-parser set size:174136 disposed:false
211 silly fetch manifest util-deprecate@^1.0.2
212 silly packumentCache full:https://registry.npmjs.org/util-deprecate cache-miss
213 http fetch GET 200 https://registry.npmjs.org/is-binary-path 95ms (cache miss)
214 silly packumentCache full:https://registry.npmjs.org/is-binary-path set size:undefined disposed:false
215 silly fetch manifest is-core-module@^2.16.1
216 silly packumentCache full:https://registry.npmjs.org/is-core-module cache-miss
217 http fetch GET 200 https://registry.npmjs.org/braces 59ms (cache miss)
218 silly packumentCache full:https://registry.npmjs.org/braces set size:undefined disposed:false
219 silly fetch manifest path-parse@^1.0.7
220 silly packumentCache full:https://registry.npmjs.org/path-parse cache-miss
221 http fetch GET 200 https://registry.npmjs.org/is-core-module 61ms (cache miss)
222 silly packumentCache full:https://registry.npmjs.org/is-core-module set size:undefined disposed:false
223 silly fetch manifest supports-preserve-symlinks-flag@^1.0.0
224 silly packumentCache full:https://registry.npmjs.org/supports-preserve-symlinks-flag cache-miss
225 http fetch GET 200 https://registry.npmjs.org/camelcase-css 87ms (cache miss)
226 silly packumentCache full:https://registry.npmjs.org/camelcase-css set size:undefined disposed:false
227 silly fetch manifest commander@^4.0.0
228 silly packumentCache full:https://registry.npmjs.org/commander cache-miss
229 http fetch GET 200 https://registry.npmjs.org/path-parse 69ms (cache miss)
230 silly packumentCache full:https://registry.npmjs.org/path-parse set size:undefined disposed:false
231 silly fetch manifest lines-and-columns@^1.1.6
232 silly packumentCache full:https://registry.npmjs.org/lines-and-columns cache-miss
233 http fetch GET 200 https://registry.npmjs.org/read-cache 127ms (cache miss)
234 silly packumentCache full:https://registry.npmjs.org/read-cache set size:undefined disposed:false
235 silly fetch manifest mz@^2.7.0
236 silly packumentCache full:https://registry.npmjs.org/mz cache-miss
237 http fetch GET 200 https://registry.npmjs.org/commander 77ms (cache miss)
238 silly packumentCache full:https://registry.npmjs.org/commander set size:undefined disposed:false
239 silly fetch manifest pirates@^4.0.1
240 silly packumentCache full:https://registry.npmjs.org/pirates cache-miss
241 http fetch GET 200 https://registry.npmjs.org/@nodelib%2ffs.walk 288ms (cache miss)
242 silly packumentCache full:https://registry.npmjs.org/@nodelib%2ffs.walk set size:undefined disposed:false
243 silly fetch manifest ts-interface-checker@^0.1.9
244 silly packumentCache full:https://registry.npmjs.org/ts-interface-checker cache-miss
245 http fetch GET 200 https://registry.npmjs.org/mz 108ms (cache miss)
246 silly packumentCache full:https://registry.npmjs.org/mz set size:undefined disposed:false
247 http fetch GET 200 https://registry.npmjs.org/pirates 66ms (cache miss)
248 silly packumentCache full:https://registry.npmjs.org/pirates set size:undefined disposed:false
249 http fetch GET 200 https://registry.npmjs.org/util-deprecate 238ms (cache miss)
250 silly packumentCache full:https://registry.npmjs.org/util-deprecate set size:undefined disposed:false
251 http fetch GET 200 https://registry.npmjs.org/cssesc 255ms (cache miss)
252 silly packumentCache full:https://registry.npmjs.org/cssesc set size:undefined disposed:false
253 http fetch GET 200 https://registry.npmjs.org/supports-preserve-symlinks-flag 219ms (cache miss)
254 silly packumentCache full:https://registry.npmjs.org/supports-preserve-symlinks-flag set size:undefined disposed:false
255 http fetch GET 200 https://registry.npmjs.org/ts-interface-checker 222ms (cache miss)
256 silly packumentCache full:https://registry.npmjs.org/ts-interface-checker set size:undefined disposed:false
257 http fetch GET 200 https://registry.npmjs.org/lines-and-columns 962ms (cache miss)
258 silly packumentCache full:https://registry.npmjs.org/lines-and-columns set size:undefined disposed:false
259 silly placeDep ROOT anymatch@3.1.3 OK for: chokidar@3.6.0 want: ~3.1.2
260 silly placeDep ROOT braces@3.0.3 OK for: chokidar@3.6.0 want: ~3.0.2
261 silly placeDep node_modules/chokidar glob-parent@5.1.2 OK for: chokidar@3.6.0 want: ~5.1.2
262 silly placeDep ROOT is-binary-path@2.1.0 OK for: chokidar@3.6.0 want: ~2.1.0
263 silly placeDep ROOT readdirp@3.6.0 OK for: chokidar@3.6.0 want: ~3.6.0
264 silly fetch manifest picomatch@^2.0.4
265 silly packumentCache full:https://registry.npmjs.org/picomatch cache-hit
266 silly fetch manifest fill-range@^7.1.1
267 silly packumentCache full:https://registry.npmjs.org/fill-range cache-miss
268 silly fetch manifest binary-extensions@^2.0.0
269 silly packumentCache full:https://registry.npmjs.org/binary-extensions cache-miss
270 silly fetch manifest picomatch@^2.2.1
271 silly packumentCache full:https://registry.npmjs.org/picomatch cache-hit
272 http fetch GET 200 https://registry.npmjs.org/binary-extensions 46ms (cache miss)
273 silly packumentCache full:https://registry.npmjs.org/binary-extensions set size:undefined disposed:false
274 http fetch GET 200 https://registry.npmjs.org/fill-range 48ms (cache miss)
275 silly packumentCache full:https://registry.npmjs.org/fill-range set size:undefined disposed:false
276 silly placeDep node_modules/anymatch picomatch@2.3.1 OK for: anymatch@3.1.3 want: ^2.0.4
277 silly placeDep ROOT fill-range@7.1.1 OK for: braces@3.0.3 want: ^7.1.1
278 silly fetch manifest to-regex-range@^5.0.1
279 silly packumentCache full:https://registry.npmjs.org/to-regex-range cache-miss
280 http fetch GET 200 https://registry.npmjs.org/to-regex-range 84ms (cache miss)
281 silly packumentCache full:https://registry.npmjs.org/to-regex-range set size:undefined disposed:false
282 silly placeDep ROOT @nodelib/fs.stat@2.0.5 OK for: fast-glob@3.3.3 want: ^2.0.2
283 silly placeDep ROOT @nodelib/fs.walk@1.2.8 OK for: fast-glob@3.3.3 want: ^1.2.3
284 silly placeDep node_modules/fast-glob glob-parent@5.1.2 OK for: fast-glob@3.3.3 want: ^5.1.2
285 silly placeDep ROOT merge2@1.4.1 OK for: fast-glob@3.3.3 want: ^1.3.0
286 silly fetch manifest fastq@^1.6.0
287 silly packumentCache full:https://registry.npmjs.org/fastq cache-miss
288 silly fetch manifest @nodelib/fs.scandir@2.1.5
289 silly packumentCache full:https://registry.npmjs.org/@nodelib%2ffs.scandir cache-miss
290 http fetch GET 200 https://registry.npmjs.org/@nodelib%2ffs.scandir 77ms (cache miss)
291 silly packumentCache full:https://registry.npmjs.org/@nodelib%2ffs.scandir set size:undefined disposed:false
292 http fetch GET 200 https://registry.npmjs.org/fastq 141ms (cache miss)
293 silly packumentCache full:https://registry.npmjs.org/fastq set size:undefined disposed:false
294 silly placeDep ROOT @nodelib/fs.scandir@2.1.5 OK for: @nodelib/fs.walk@1.2.8 want: 2.1.5
295 silly placeDep ROOT fastq@1.19.1 OK for: @nodelib/fs.walk@1.2.8 want: ^1.6.0
296 silly fetch manifest run-parallel@^1.1.9
297 silly packumentCache full:https://registry.npmjs.org/run-parallel cache-miss
298 silly fetch manifest reusify@^1.0.4
299 silly packumentCache full:https://registry.npmjs.org/reusify cache-miss
300 http fetch GET 200 https://registry.npmjs.org/reusify 74ms (cache miss)
301 silly packumentCache full:https://registry.npmjs.org/reusify set size:undefined disposed:false
302 http fetch GET 200 https://registry.npmjs.org/run-parallel 77ms (cache miss)
303 silly packumentCache full:https://registry.npmjs.org/run-parallel set size:undefined disposed:false
304 silly placeDep ROOT run-parallel@1.2.0 OK for: @nodelib/fs.scandir@2.1.5 want: ^1.1.9
305 silly fetch manifest queue-microtask@^1.2.2
306 silly packumentCache full:https://registry.npmjs.org/queue-microtask cache-miss
307 http fetch GET 200 https://registry.npmjs.org/queue-microtask 45ms (cache miss)
308 silly packumentCache full:https://registry.npmjs.org/queue-microtask set size:undefined disposed:false
309 silly placeDep ROOT reusify@1.1.0 OK for: fastq@1.19.1 want: ^1.0.4
310 silly placeDep ROOT to-regex-range@5.0.1 OK for: fill-range@7.1.1 want: ^5.0.1
311 silly fetch manifest is-number@^7.0.0
312 silly packumentCache full:https://registry.npmjs.org/is-number cache-miss
313 http fetch GET 200 https://registry.npmjs.org/is-number 65ms (cache miss)
314 silly packumentCache full:https://registry.npmjs.org/is-number set size:undefined disposed:false
315 silly placeDep ROOT binary-extensions@2.3.0 OK for: is-binary-path@2.1.0 want: ^2.0.0
316 silly placeDep node_modules/micromatch picomatch@2.3.1 OK for: micromatch@4.0.8 want: ^2.3.1
317 silly placeDep ROOT read-cache@1.0.0 OK for: postcss-import@15.1.0 want: ^1.0.0
318 silly fetch manifest pify@^2.3.0
319 silly packumentCache full:https://registry.npmjs.org/pify cache-miss
320 http fetch GET 200 https://registry.npmjs.org/pify 256ms (cache miss)
321 silly packumentCache full:https://registry.npmjs.org/pify set size:undefined disposed:false
322 silly placeDep ROOT camelcase-css@2.0.1 OK for: postcss-js@4.1.0 want: ^2.0.1
323 silly placeDep node_modules/postcss-load-config lilconfig@3.1.3 OK for: postcss-load-config@4.0.2 want: ^3.0.0
324 silly placeDep ROOT yaml@2.8.1 OK for: postcss-load-config@4.0.2 want: ^2.3.4
325 silly placeDep ROOT cssesc@3.0.0 OK for: postcss-selector-parser@6.1.2 want: ^3.0.0
326 silly placeDep ROOT util-deprecate@1.0.2 OK for: postcss-selector-parser@6.1.2 want: ^1.0.2
327 silly placeDep ROOT pify@2.3.0 OK for: read-cache@1.0.0 want: ^2.3.0
328 silly placeDep node_modules/readdirp picomatch@2.3.1 OK for: readdirp@3.6.0 want: ^2.2.1
329 silly placeDep ROOT is-core-module@2.16.1 OK for: resolve@1.22.11 want: ^2.16.1
330 silly placeDep ROOT path-parse@1.0.7 OK for: resolve@1.22.11 want: ^1.0.7
331 silly placeDep ROOT supports-preserve-symlinks-flag@1.0.0 OK for: resolve@1.22.11 want: ^1.0.0
332 silly fetch manifest hasown@^2.0.2
333 silly packumentCache full:https://registry.npmjs.org/hasown cache-miss
334 http fetch GET 200 https://registry.npmjs.org/hasown 69ms (cache miss)
335 silly packumentCache full:https://registry.npmjs.org/hasown set size:undefined disposed:false
336 silly placeDep ROOT hasown@2.0.2 OK for: is-core-module@2.16.1 want: ^2.0.2
337 silly fetch manifest function-bind@^1.1.2
338 silly packumentCache full:https://registry.npmjs.org/function-bind cache-miss
339 http fetch GET 200 https://registry.npmjs.org/function-bind 58ms (cache miss)
340 silly packumentCache full:https://registry.npmjs.org/function-bind set size:undefined disposed:false
341 silly placeDep ROOT function-bind@1.1.2 OK for: hasown@2.0.2 want: ^1.1.2
342 silly placeDep ROOT queue-microtask@1.2.3 OK for: run-parallel@1.2.0 want: ^1.2.2
343 silly placeDep ROOT commander@4.1.1 OK for: sucrase@3.35.1 want: ^4.0.0
344 silly placeDep ROOT lines-and-columns@1.2.4 OK for: sucrase@3.35.1 want: ^1.1.6
345 silly placeDep ROOT mz@2.7.0 OK for: sucrase@3.35.1 want: ^2.7.0
346 silly placeDep ROOT pirates@4.0.7 OK for: sucrase@3.35.1 want: ^4.0.1
347 silly placeDep ROOT ts-interface-checker@0.1.13 OK for: sucrase@3.35.1 want: ^0.1.9
348 silly fetch manifest any-promise@^1.0.0
349 silly packumentCache full:https://registry.npmjs.org/any-promise cache-miss
350 silly fetch manifest object-assign@^4.0.1
351 silly packumentCache full:https://registry.npmjs.org/object-assign cache-miss
352 silly fetch manifest thenify-all@^1.0.0
353 silly packumentCache full:https://registry.npmjs.org/thenify-all cache-miss
354 http fetch GET 200 https://registry.npmjs.org/thenify-all 38ms (cache miss)
355 silly packumentCache full:https://registry.npmjs.org/thenify-all set size:undefined disposed:false
356 http fetch GET 200 https://registry.npmjs.org/any-promise 65ms (cache miss)
357 silly packumentCache full:https://registry.npmjs.org/any-promise set size:undefined disposed:false
358 http fetch GET 200 https://registry.npmjs.org/object-assign 66ms (cache miss)
359 silly packumentCache full:https://registry.npmjs.org/object-assign set size:undefined disposed:false
360 silly placeDep ROOT any-promise@1.3.0 OK for: mz@2.7.0 want: ^1.0.0
361 silly placeDep ROOT object-assign@4.1.1 OK for: mz@2.7.0 want: ^4.0.1
362 silly placeDep ROOT thenify-all@1.6.0 OK for: mz@2.7.0 want: ^1.0.0
363 silly fetch manifest thenify@>= 3.1.0 < 4
364 silly packumentCache full:https://registry.npmjs.org/thenify cache-miss
365 http fetch GET 200 https://registry.npmjs.org/thenify 81ms (cache miss)
366 silly packumentCache full:https://registry.npmjs.org/thenify set size:undefined disposed:false
367 silly placeDep ROOT thenify@3.3.1 OK for: thenify-all@1.6.0 want: >= 3.1.0 < 4
368 silly placeDep ROOT is-number@7.0.0 OK for: to-regex-range@5.0.1 want: ^7.0.0
369 silly reify mark retired [
369 silly reify   '/Users/akshata/Desktop/Project/Pregnancy Risk Calculator/frontend/node_modules/tailwindcss'
369 silly reify ]
370 silly reify moves {
370 silly reify   '/Users/akshata/Desktop/Project/Pregnancy Risk Calculator/frontend/node_modules/tailwindcss': '/Users/akshata/Desktop/Project/Pregnancy Risk Calculator/frontend/node_modules/.tailwindcss-kq7kvPl5'
370 silly reify }
371 silly audit bulk request {
371 silly audit   '@babel/code-frame': [ '7.27.1' ],
371 silly audit   '@babel/compat-data': [ '7.28.5' ],
371 silly audit   '@babel/core': [ '7.28.5' ],
371 silly audit   '@babel/generator': [ '7.28.5' ],
371 silly audit   '@babel/helper-compilation-targets': [ '7.27.2' ],
371 silly audit   '@babel/helper-globals': [ '7.28.0' ],
371 silly audit   '@babel/helper-module-imports': [ '7.27.1' ],
371 silly audit   '@babel/helper-module-transforms': [ '7.28.3' ],
371 silly audit   '@babel/helper-plugin-utils': [ '7.27.1' ],
371 silly audit   '@babel/helper-string-parser': [ '7.27.1' ],
371 silly audit   '@babel/helper-validator-identifier': [ '7.28.5' ],
371 silly audit   '@babel/helper-validator-option': [ '7.27.1' ],
371 silly audit   '@babel/helpers': [ '7.28.4' ],
371 silly audit   '@babel/parser': [ '7.28.5' ],
371 silly audit   '@babel/plugin-transform-react-jsx-self': [ '7.27.1' ],
371 silly audit   '@babel/plugin-transform-react-jsx-source': [ '7.27.1' ],
371 silly audit   '@babel/template': [ '7.27.2' ],
371 silly audit   '@babel/traverse': [ '7.28.5' ],
371 silly audit   '@babel/types': [ '7.28.5' ],
371 silly audit   '@esbuild/aix-ppc64': [ '0.25.12' ],
371 silly audit   '@esbuild/android-arm': [ '0.25.12' ],
371 silly audit   '@esbuild/android-arm64': [ '0.25.12' ],
371 silly audit   '@esbuild/android-x64': [ '0.25.12' ],
371 silly audit   '@esbuild/darwin-arm64': [ '0.25.12' ],
371 silly audit   '@esbuild/darwin-x64': [ '0.25.12' ],
371 silly audit   '@esbuild/freebsd-arm64': [ '0.25.12' ],
371 silly audit   '@esbuild/freebsd-x64': [ '0.25.12' ],
371 silly audit   '@esbuild/linux-arm': [ '0.25.12' ],
371 silly audit   '@esbuild/linux-arm64': [ '0.25.12' ],
371 silly audit   '@esbuild/linux-ia32': [ '0.25.12' ],
371 silly audit   '@esbuild/linux-loong64': [ '0.25.12' ],
371 silly audit   '@esbuild/linux-mips64el': [ '0.25.12' ],
371 silly audit   '@esbuild/linux-ppc64': [ '0.25.12' ],
371 silly audit   '@esbuild/linux-riscv64': [ '0.25.12' ],
371 silly audit   '@esbuild/linux-s390x': [ '0.25.12' ],
371 silly audit   '@esbuild/linux-x64': [ '0.25.12' ],
371 silly audit   '@esbuild/netbsd-arm64': [ '0.25.12' ],
371 silly audit   '@esbuild/netbsd-x64': [ '0.25.12' ],
371 silly audit   '@esbuild/openbsd-arm64': [ '0.25.12' ],
371 silly audit   '@esbuild/openbsd-x64': [ '0.25.12' ],
371 silly audit   '@esbuild/openharmony-arm64': [ '0.25.12' ],
371 silly audit   '@esbuild/sunos-x64': [ '0.25.12' ],
371 silly audit   '@esbuild/win32-arm64': [ '0.25.12' ],
371 silly audit   '@esbuild/win32-ia32': [ '0.25.12' ],
371 silly audit   '@esbuild/win32-x64': [ '0.25.12' ],
371 silly audit   '@eslint-community/eslint-utils': [ '4.9.0' ],
371 silly audit   'eslint-visitor-keys': [ '3.4.3', '4.2.1' ],
371 silly audit   '@eslint-community/regexpp': [ '4.12.2' ],
371 silly audit   '@eslint/config-array': [ '0.21.1' ],
371 silly audit   '@eslint/config-helpers': [ '0.4.2' ],
371 silly audit   '@eslint/core': [ '0.17.0' ],
371 silly audit   '@eslint/eslintrc': [ '3.3.1' ],
371 silly audit   globals: [ '14.0.0', '16.5.0' ],
371 silly audit   '@eslint/js': [ '9.39.1' ],
371 silly audit   '@eslint/object-schema': [ '2.1.7' ],
371 silly audit   '@eslint/plugin-kit': [ '0.4.1' ],
371 silly audit   '@humanfs/core': [ '0.19.1' ],
371 silly audit   '@humanfs/node': [ '0.16.7' ],
371 silly audit   '@humanwhocodes/module-importer': [ '1.0.1' ],
371 silly audit   '@humanwhocodes/retry': [ '0.4.3' ],
371 silly audit   '@jridgewell/gen-mapping': [ '0.3.13' ],
371 silly audit   '@jridgewell/remapping': [ '2.3.5' ],
371 silly audit   '@jridgewell/resolve-uri': [ '3.1.2' ],
371 silly audit   '@jridgewell/sourcemap-codec': [ '1.5.5' ],
371 silly audit   '@jridgewell/trace-mapping': [ '0.3.31' ],
371 silly audit   '@rolldown/pluginutils': [ '1.0.0-beta.47' ],
371 silly audit   '@rollup/rollup-android-arm-eabi': [ '4.53.3' ],
371 silly audit   '@rollup/rollup-android-arm64': [ '4.53.3' ],
371 silly audit   '@rollup/rollup-darwin-arm64': [ '4.53.3' ],
371 silly audit   '@rollup/rollup-darwin-x64': [ '4.53.3' ],
371 silly audit   '@rollup/rollup-freebsd-arm64': [ '4.53.3' ],
371 silly audit   '@rollup/rollup-freebsd-x64': [ '4.53.3' ],
371 silly audit   '@rollup/rollup-linux-arm-gnueabihf': [ '4.53.3' ],
371 silly audit   '@rollup/rollup-linux-arm-musleabihf': [ '4.53.3' ],
371 silly audit   '@rollup/rollup-linux-arm64-gnu': [ '4.53.3' ],
371 silly audit   '@rollup/rollup-linux-arm64-musl': [ '4.53.3' ],
371 silly audit   '@rollup/rollup-linux-loong64-gnu': [ '4.53.3' ],
371 silly audit   '@rollup/rollup-linux-ppc64-gnu': [ '4.53.3' ],
371 silly audit   '@rollup/rollup-linux-riscv64-gnu': [ '4.53.3' ],
371 silly audit   '@rollup/rollup-linux-riscv64-musl': [ '4.53.3' ],
371 silly audit   '@rollup/rollup-linux-s390x-gnu': [ '4.53.3' ],
371 silly audit   '@rollup/rollup-linux-x64-gnu': [ '4.53.3' ],
371 silly audit   '@rollup/rollup-linux-x64-musl': [ '4.53.3' ],
371 silly audit   '@rollup/rollup-openharmony-arm64': [ '4.53.3' ],
371 silly audit   '@rollup/rollup-win32-arm64-msvc': [ '4.53.3' ],
371 silly audit   '@rollup/rollup-win32-ia32-msvc': [ '4.53.3' ],
371 silly audit   '@rollup/rollup-win32-x64-gnu': [ '4.53.3' ],
371 silly audit   '@rollup/rollup-win32-x64-msvc': [ '4.53.3' ],
371 silly audit   '@types/babel__core': [ '7.20.5' ],
371 silly audit   '@types/babel__generator': [ '7.27.0' ],
371 silly audit   '@types/babel__template': [ '7.4.4' ],
371 silly audit   '@types/babel__traverse': [ '7.28.0' ],
371 silly audit   '@types/estree': [ '1.0.8' ],
371 silly audit   '@types/json-schema': [ '7.0.15' ],
371 silly audit   '@types/react': [ '19.2.7' ],
371 silly audit   '@types/react-dom': [ '19.2.3' ],
371 silly audit   '@vitejs/plugin-react': [ '5.1.1' ],
371 silly audit   acorn: [ '8.15.0' ],
371 silly audit   'acorn-jsx': [ '5.3.2' ],
371 silly audit   ajv: [ '6.12.6' ],
371 silly audit   'ansi-styles': [ '4.3.0' ],
371 silly audit   argparse: [ '2.0.1' ],
371 silly audit   'balanced-match': [ '1.0.2' ],
371 silly audit   'baseline-browser-mapping': [ '2.8.31' ],
371 silly audit   'brace-expansion': [ '1.1.12' ],
371 silly audit   browserslist: [ '4.28.0' ],
371 silly audit   callsites: [ '3.1.0' ],
371 silly audit   'caniuse-lite': [ '1.0.30001757' ],
371 silly audit   chalk: [ '4.1.2' ],
371 silly audit   'color-convert': [ '2.0.1' ],
371 silly audit   'color-name': [ '1.1.4' ],
371 silly audit   'concat-map': [ '0.0.1' ],
371 silly audit   'convert-source-map': [ '2.0.0' ],
371 silly audit   'cross-spawn': [ '7.0.6' ],
371 silly audit   csstype: [ '3.2.3' ],
371 silly audit   debug: [ '4.4.3' ],
371 silly audit   'deep-is': [ '0.1.4' ],
371 silly audit   'electron-to-chromium': [ '1.5.260' ],
371 silly audit   esbuild: [ '0.25.12' ],
371 silly audit   escalade: [ '3.2.0' ],
371 silly audit   'escape-string-regexp': [ '4.0.0' ],
371 silly audit   eslint: [ '9.39.1' ],
371 silly audit   'eslint-plugin-react-hooks': [ '7.0.1' ],
371 silly audit   'eslint-plugin-react-refresh': [ '0.4.24' ],
371 silly audit   'eslint-scope': [ '8.4.0' ],
371 silly audit   espree: [ '10.4.0' ],
371 silly audit   esquery: [ '1.6.0' ],
371 silly audit   esrecurse: [ '4.3.0' ],
371 silly audit   estraverse: [ '5.3.0' ],
371 silly audit   esutils: [ '2.0.3' ],
371 silly audit   'fast-deep-equal': [ '3.1.3' ],
371 silly audit   'fast-json-stable-stringify': [ '2.1.0' ],
371 silly audit   'fast-levenshtein': [ '2.0.6' ],
371 silly audit   fdir: [ '6.5.0' ],
371 silly audit   'file-entry-cache': [ '8.0.0' ],
371 silly audit   'find-up': [ '5.0.0' ],
371 silly audit   'flat-cache': [ '4.0.1' ],
371 silly audit   flatted: [ '3.3.3' ],
371 silly audit   'fraction.js': [ '5.3.4' ],
371 silly audit   fsevents: [ '2.3.3' ],
371 silly audit   gensync: [ '1.0.0-beta.2' ],
371 silly audit   'glob-parent': [ '6.0.2', '5.1.2' ],
371 silly audit   'has-flag': [ '4.0.0' ],
371 silly audit   'hermes-estree': [ '0.25.1' ],
371 silly audit   'hermes-parser': [ '0.25.1' ],
371 silly audit   ignore: [ '5.3.2' ],
371 silly audit   'import-fresh': [ '3.3.1' ],
371 silly audit   imurmurhash: [ '0.1.4' ],
371 silly audit   'is-extglob': [ '2.1.1' ],
371 silly audit   'is-glob': [ '4.0.3' ],
371 silly audit   isexe: [ '2.0.0' ],
371 silly audit   'js-tokens': [ '4.0.0' ],
371 silly audit   'js-yaml': [ '4.1.1' ],
371 silly audit   jsesc: [ '3.1.0' ],
371 silly audit   'json-buffer': [ '3.0.1' ],
371 silly audit   'json-schema-traverse': [ '0.4.1' ],
371 silly audit   'json-stable-stringify-without-jsonify': [ '1.0.1' ],
371 silly audit   json5: [ '2.2.3' ],
371 silly audit   keyv: [ '4.5.4' ],
371 silly audit   levn: [ '0.4.1' ],
371 silly audit   'locate-path': [ '6.0.0' ],
371 silly audit   'lodash.merge': [ '4.6.2' ],
371 silly audit   'lru-cache': [ '5.1.1' ],
371 silly audit   minimatch: [ '3.1.2' ],
371 silly audit   ms: [ '2.1.3' ],
371 silly audit   nanoid: [ '3.3.11' ],
371 silly audit   'natural-compare': [ '1.4.0' ],
371 silly audit   'node-releases': [ '2.0.27' ],
371 silly audit   'normalize-range': [ '0.1.2' ],
371 silly audit   optionator: [ '0.9.4' ],
371 silly audit   'p-limit': [ '3.1.0' ],
371 silly audit   'p-locate': [ '5.0.0' ],
371 silly audit   'parent-module': [ '1.0.1' ],
371 silly audit   'path-exists': [ '4.0.0' ],
371 silly audit   'path-key': [ '3.1.1' ],
371 silly audit   picocolors: [ '1.1.1' ],
371 silly audit   picomatch: [ '4.0.3', '2.3.1' ],
371 silly audit   'postcss-value-parser': [ '4.2.0' ],
371 silly audit   'prelude-ls': [ '1.2.1' ],
371 silly audit   punycode: [ '2.3.1' ],
371 silly audit   react: [ '19.2.0' ],
371 silly audit   'react-dom': [ '19.2.0' ],
371 silly audit   'react-refresh': [ '0.18.0' ],
371 silly audit   'resolve-from': [ '4.0.0' ],
371 silly audit   rollup: [ '4.53.3' ],
371 silly audit   scheduler: [ '0.27.0' ],
371 silly audit   semver: [ '6.3.1' ],
371 silly audit   'shebang-command': [ '2.0.0' ],
371 silly audit   'shebang-regex': [ '3.0.0' ],
371 silly audit   'source-map-js': [ '1.2.1' ],
371 silly audit   'strip-json-comments': [ '3.1.1' ],
371 silly audit   'supports-color': [ '7.2.0' ],
371 silly audit   tinyglobby: [ '0.2.15' ],
371 silly audit   'type-check': [ '0.4.0' ],
371 silly audit   'update-browserslist-db': [ '1.1.4' ],
371 silly audit   'uri-js': [ '4.4.1' ],
371 silly audit   vite: [ '7.2.4' ],
371 silly audit   which: [ '2.0.2' ],
371 silly audit   'word-wrap': [ '1.2.5' ],
371 silly audit   yallist: [ '3.1.1' ],
371 silly audit   'yocto-queue': [ '0.1.0' ],
371 silly audit   zod: [ '4.1.13' ],
371 silly audit   'zod-validation-error': [ '4.0.2' ],
371 silly audit   autoprefixer: [ '10.4.22' ],
371 silly audit   postcss: [ '8.5.6' ],
371 silly audit   tailwindcss: [ '3.4.14' ],
371 silly audit   '@alloc/quick-lru': [ '5.2.0' ],
371 silly audit   arg: [ '5.0.2' ],
371 silly audit   chokidar: [ '3.6.0' ],
371 silly audit   didyoumean: [ '1.2.2' ],
371 silly audit   dlv: [ '1.1.3' ],
371 silly audit   'fast-glob': [ '3.3.3' ],
371 silly audit   jiti: [ '1.21.7' ],
371 silly audit   lilconfig: [ '2.1.0', '3.1.3' ],
371 silly audit   micromatch: [ '4.0.8' ],
371 silly audit   'normalize-path': [ '3.0.0' ],
371 silly audit   'object-hash': [ '3.0.0' ],
371 silly audit   'postcss-import': [ '15.1.0' ],
371 silly audit   'postcss-js': [ '4.1.0' ],
371 silly audit   'postcss-load-config': [ '4.0.2' ],
371 silly audit   'postcss-nested': [ '6.2.0' ],
371 silly audit   'postcss-selector-parser': [ '6.1.2' ],
371 silly audit   resolve: [ '1.22.11' ],
371 silly audit   sucrase: [ '3.35.1' ],
371 silly audit   anymatch: [ '3.1.3' ],
371 silly audit   braces: [ '3.0.3' ],
371 silly audit   'is-binary-path': [ '2.1.0' ],
371 silly audit   readdirp: [ '3.6.0' ],
371 silly audit   'fill-range': [ '7.1.1' ],
371 silly audit   '@nodelib/fs.stat': [ '2.0.5' ],
371 silly audit   '@nodelib/fs.walk': [ '1.2.8' ],
371 silly audit   merge2: [ '1.4.1' ],
371 silly audit   '@nodelib/fs.scandir': [ '2.1.5' ],
371 silly audit   fastq: [ '1.19.1' ],
371 silly audit   'run-parallel': [ '1.2.0' ],
371 silly audit   reusify: [ '1.1.0' ],
371 silly audit   'to-regex-range': [ '5.0.1' ],
371 silly audit   'binary-extensions': [ '2.3.0' ],
371 silly audit   'read-cache': [ '1.0.0' ],
371 silly audit   'camelcase-css': [ '2.0.1' ],
371 silly audit   yaml: [ '2.8.1' ],
371 silly audit   cssesc: [ '3.0.0' ],
371 silly audit   'util-deprecate': [ '1.0.2' ],
371 silly audit   pify: [ '2.3.0' ],
371 silly audit   'is-core-module': [ '2.16.1' ],
371 silly audit   'path-parse': [ '1.0.7' ],
371 silly audit   'supports-preserve-symlinks-flag': [ '1.0.0' ],
371 silly audit   hasown: [ '2.0.2' ],
371 silly audit   'function-bind': [ '1.1.2' ],
371 silly audit   'queue-microtask': [ '1.2.3' ],
371 silly audit   commander: [ '4.1.1' ],
371 silly audit   'lines-and-columns': [ '1.2.4' ],
371 silly audit   mz: [ '2.7.0' ],
371 silly audit   pirates: [ '4.0.7' ],
371 silly audit   'ts-interface-checker': [ '0.1.13' ],
371 silly audit   'any-promise': [ '1.3.0' ],
371 silly audit   'object-assign': [ '4.1.1' ],
371 silly audit   'thenify-all': [ '1.6.0' ],
371 silly audit   thenify: [ '3.3.1' ],
371 silly audit   'is-number': [ '7.0.0' ]
371 silly audit }
372 verbose reify failed optional dependency /Users/akshata/Desktop/Project/Pregnancy Risk Calculator/frontend/node_modules/@rollup/rollup-win32-x64-msvc
373 silly reify mark deleted [
373 silly reify   '/Users/akshata/Desktop/Project/Pregnancy Risk Calculator/frontend/node_modules/@rollup/rollup-win32-x64-msvc'
373 silly reify ]
374 verbose reify failed optional dependency /Users/akshata/Desktop/Project/Pregnancy Risk Calculator/frontend/node_modules/@rollup/rollup-win32-x64-gnu
375 silly reify mark deleted [
375 silly reify   '/Users/akshata/Desktop/Project/Pregnancy Risk Calculator/frontend/node_modules/@rollup/rollup-win32-x64-gnu'
375 silly reify ]
376 verbose reify failed optional dependency /Users/akshata/Desktop/Project/Pregnancy Risk Calculator/frontend/node_modules/@rollup/rollup-win32-ia32-msvc
377 silly reify mark deleted [
377 silly reify   '/Users/akshata/Desktop/Project/Pregnancy Risk Calculator/frontend/node_modules/@rollup/rollup-win32-ia32-msvc'
377 silly reify ]
378 verbose reify failed optional dependency /Users/akshata/Desktop/Project/Pregnancy Risk Calculator/frontend/node_modules/@rollup/rollup-win32-arm64-msvc
379 silly reify mark deleted [
379 silly reify   '/Users/akshata/Desktop/Project/Pregnancy Risk Calculator/frontend/node_modules/@rollup/rollup-win32-arm64-msvc'
379 silly reify ]
380 verbose reify failed optional dependency /Users/akshata/Desktop/Project/Pregnancy Risk Calculator/frontend/node_modules/@rollup/rollup-openharmony-arm64
381 silly reify mark deleted [
381 silly reify   '/Users/akshata/Desktop/Project/Pregnancy Risk Calculator/frontend/node_modules/@rollup/rollup-openharmony-arm64'
381 silly reify ]
382 verbose reify failed optional dependency /Users/akshata/Desktop/Project/Pregnancy Risk Calculator/frontend/node_modules/@rollup/rollup-linux-x64-musl
383 silly reify mark deleted [
383 silly reify   '/Users/akshata/Desktop/Project/Pregnancy Risk Calculator/frontend/node_modules/@rollup/rollup-linux-x64-musl'
383 silly reify ]
384 verbose reify failed optional dependency /Users/akshata/Desktop/Project/Pregnancy Risk Calculator/frontend/node_modules/@rollup/rollup-linux-x64-gnu
385 silly reify mark deleted [
385 silly reify   '/Users/akshata/Desktop/Project/Pregnancy Risk Calculator/frontend/node_modules/@rollup/rollup-linux-x64-gnu'
385 silly reify ]
386 verbose reify failed optional dependency /Users/akshata/Desktop/Project/Pregnancy Risk Calculator/frontend/node_modules/@rollup/rollup-linux-s390x-gnu
387 silly reify mark deleted [
387 silly reify   '/Users/akshata/Desktop/Project/Pregnancy Risk Calculator/frontend/node_modules/@rollup/rollup-linux-s390x-gnu'
387 silly reify ]
388 verbose reify failed optional dependency /Users/akshata/Desktop/Project/Pregnancy Risk Calculator/frontend/node_modules/@rollup/rollup-linux-riscv64-musl
389 silly reify mark deleted [
389 silly reify   '/Users/akshata/Desktop/Project/Pregnancy Risk Calculator/frontend/node_modules/@rollup/rollup-linux-riscv64-musl'
389 silly reify ]
390 verbose reify failed optional dependency /Users/akshata/Desktop/Project/Pregnancy Risk Calculator/frontend/node_modules/@rollup/rollup-linux-riscv64-gnu
391 silly reify mark deleted [
391 silly reify   '/Users/akshata/Desktop/Project/Pregnancy Risk Calculator/frontend/node_modules/@rollup/rollup-linux-riscv64-gnu'
391 silly reify ]
392 verbose reify failed optional dependency /Users/akshata/Desktop/Project/Pregnancy Risk Calculator/frontend/node_modules/@rollup/rollup-linux-ppc64-gnu
393 silly reify mark deleted [
393 silly reify   '/Users/akshata/Desktop/Project/Pregnancy Risk Calculator/frontend/node_modules/@rollup/rollup-linux-ppc64-gnu'
393 silly reify ]
394 verbose reify failed optional dependency /Users/akshata/Desktop/Project/Pregnancy Risk Calculator/frontend/node_modules/@rollup/rollup-linux-loong64-gnu
395 silly reify mark deleted [
395 silly reify   '/Users/akshata/Desktop/Project/Pregnancy Risk Calculator/frontend/node_modules/@rollup/rollup-linux-loong64-gnu'
395 silly reify ]
396 verbose reify failed optional dependency /Users/akshata/Desktop/Project/Pregnancy Risk Calculator/frontend/node_modules/@rollup/rollup-linux-arm64-musl
397 silly reify mark deleted [
397 silly reify   '/Users/akshata/Desktop/Project/Pregnancy Risk Calculator/frontend/node_modules/@rollup/rollup-linux-arm64-musl'
397 silly reify ]
398 verbose reify failed optional dependency /Users/akshata/Desktop/Project/Pregnancy Risk Calculator/frontend/node_modules/@rollup/rollup-linux-arm64-gnu
399 silly reify mark deleted [
399 silly reify   '/Users/akshata/Desktop/Project/Pregnancy Risk Calculator/frontend/node_modules/@rollup/rollup-linux-arm64-gnu'
399 silly reify ]
400 verbose reify failed optional dependency /Users/akshata/Desktop/Project/Pregnancy Risk Calculator/frontend/node_modules/@rollup/rollup-linux-arm-musleabihf
401 silly reify mark deleted [
401 silly reify   '/Users/akshata/Desktop/Project/Pregnancy Risk Calculator/frontend/node_modules/@rollup/rollup-linux-arm-musleabihf'
401 silly reify ]
402 verbose reify failed optional dependency /Users/akshata/Desktop/Project/Pregnancy Risk Calculator/frontend/node_modules/@rollup/rollup-linux-arm-gnueabihf
403 silly reify mark deleted [
403 silly reify   '/Users/akshata/Desktop/Project/Pregnancy Risk Calculator/frontend/node_modules/@rollup/rollup-linux-arm-gnueabihf'
403 silly reify ]
404 verbose reify failed optional dependency /Users/akshata/Desktop/Project/Pregnancy Risk Calculator/frontend/node_modules/@rollup/rollup-freebsd-x64
405 silly reify mark deleted [
405 silly reify   '/Users/akshata/Desktop/Project/Pregnancy Risk Calculator/frontend/node_modules/@rollup/rollup-freebsd-x64'
405 silly reify ]
406 verbose reify failed optional dependency /Users/akshata/Desktop/Project/Pregnancy Risk Calculator/frontend/node_modules/@rollup/rollup-freebsd-arm64
407 silly reify mark deleted [
407 silly reify   '/Users/akshata/Desktop/Project/Pregnancy Risk Calculator/frontend/node_modules/@rollup/rollup-freebsd-arm64'
407 silly reify ]
408 verbose reify failed optional dependency /Users/akshata/Desktop/Project/Pregnancy Risk Calculator/frontend/node_modules/@rollup/rollup-darwin-x64
409 silly reify mark deleted [
409 silly reify   '/Users/akshata/Desktop/Project/Pregnancy Risk Calculator/frontend/node_modules/@rollup/rollup-darwin-x64'
409 silly reify ]
410 verbose reify failed optional dependency /Users/akshata/Desktop/Project/Pregnancy Risk Calculator/frontend/node_modules/@rollup/rollup-android-arm64
411 silly reify mark deleted [
411 silly reify   '/Users/akshata/Desktop/Project/Pregnancy Risk Calculator/frontend/node_modules/@rollup/rollup-android-arm64'
411 silly reify ]
412 verbose reify failed optional dependency /Users/akshata/Desktop/Project/Pregnancy Risk Calculator/frontend/node_modules/@rollup/rollup-android-arm-eabi
413 silly reify mark deleted [
413 silly reify   '/Users/akshata/Desktop/Project/Pregnancy Risk Calculator/frontend/node_modules/@rollup/rollup-android-arm-eabi'
413 silly reify ]
414 verbose reify failed optional dependency /Users/akshata/Desktop/Project/Pregnancy Risk Calculator/frontend/node_modules/@esbuild/win32-x64
415 silly reify mark deleted [
415 silly reify   '/Users/akshata/Desktop/Project/Pregnancy Risk Calculator/frontend/node_modules/@esbuild/win32-x64'
415 silly reify ]
416 verbose reify failed optional dependency /Users/akshata/Desktop/Project/Pregnancy Risk Calculator/frontend/node_modules/@esbuild/win32-ia32
417 silly reify mark deleted [
417 silly reify   '/Users/akshata/Desktop/Project/Pregnancy Risk Calculator/frontend/node_modules/@esbuild/win32-ia32'
417 silly reify ]
418 verbose reify failed optional dependency /Users/akshata/Desktop/Project/Pregnancy Risk Calculator/frontend/node_modules/@esbuild/win32-arm64
419 silly reify mark deleted [
419 silly reify   '/Users/akshata/Desktop/Project/Pregnancy Risk Calculator/frontend/node_modules/@esbuild/win32-arm64'
419 silly reify ]
420 verbose reify failed optional dependency /Users/akshata/Desktop/Project/Pregnancy Risk Calculator/frontend/node_modules/@esbuild/sunos-x64
421 silly reify mark deleted [
421 silly reify   '/Users/akshata/Desktop/Project/Pregnancy Risk Calculator/frontend/node_modules/@esbuild/sunos-x64'
421 silly reify ]
422 verbose reify failed optional dependency /Users/akshata/Desktop/Project/Pregnancy Risk Calculator/frontend/node_modules/@esbuild/openharmony-arm64
423 silly reify mark deleted [
423 silly reify   '/Users/akshata/Desktop/Project/Pregnancy Risk Calculator/frontend/node_modules/@esbuild/openharmony-arm64'
423 silly reify ]
424 verbose reify failed optional dependency /Users/akshata/Desktop/Project/Pregnancy Risk Calculator/frontend/node_modules/@esbuild/openbsd-x64
425 silly reify mark deleted [
425 silly reify   '/Users/akshata/Desktop/Project/Pregnancy Risk Calculator/frontend/node_modules/@esbuild/openbsd-x64'
425 silly reify ]
426 verbose reify failed optional dependency /Users/akshata/Desktop/Project/Pregnancy Risk Calculator/frontend/node_modules/@esbuild/openbsd-arm64
427 silly reify mark deleted [
427 silly reify   '/Users/akshata/Desktop/Project/Pregnancy Risk Calculator/frontend/node_modules/@esbuild/openbsd-arm64'
427 silly reify ]
428 verbose reify failed optional dependency /Users/akshata/Desktop/Project/Pregnancy Risk Calculator/frontend/node_modules/@esbuild/netbsd-x64
429 silly reify mark deleted [
429 silly reify   '/Users/akshata/Desktop/Project/Pregnancy Risk Calculator/frontend/node_modules/@esbuild/netbsd-x64'
429 silly reify ]
430 verbose reify failed optional dependency /Users/akshata/Desktop/Project/Pregnancy Risk Calculator/frontend/node_modules/@esbuild/netbsd-arm64
431 silly reify mark deleted [
431 silly reify   '/Users/akshata/Desktop/Project/Pregnancy Risk Calculator/frontend/node_modules/@esbuild/netbsd-arm64'
431 silly reify ]
432 verbose reify failed optional dependency /Users/akshata/Desktop/Project/Pregnancy Risk Calculator/frontend/node_modules/@esbuild/linux-x64
433 silly reify mark deleted [
433 silly reify   '/Users/akshata/Desktop/Project/Pregnancy Risk Calculator/frontend/node_modules/@esbuild/linux-x64'
433 silly reify ]
434 verbose reify failed optional dependency /Users/akshata/Desktop/Project/Pregnancy Risk Calculator/frontend/node_modules/@esbuild/linux-s390x
435 silly reify mark deleted [
435 silly reify   '/Users/akshata/Desktop/Project/Pregnancy Risk Calculator/frontend/node_modules/@esbuild/linux-s390x'
435 silly reify ]
436 verbose reify failed optional dependency /Users/akshata/Desktop/Project/Pregnancy Risk Calculator/frontend/node_modules/@esbuild/linux-riscv64
437 silly reify mark deleted [
437 silly reify   '/Users/akshata/Desktop/Project/Pregnancy Risk Calculator/frontend/node_modules/@esbuild/linux-riscv64'
437 silly reify ]
438 verbose reify failed optional dependency /Users/akshata/Desktop/Project/Pregnancy Risk Calculator/frontend/node_modules/@esbuild/linux-ppc64
439 silly reify mark deleted [
439 silly reify   '/Users/akshata/Desktop/Project/Pregnancy Risk Calculator/frontend/node_modules/@esbuild/linux-ppc64'
439 silly reify ]
440 verbose reify failed optional dependency /Users/akshata/Desktop/Project/Pregnancy Risk Calculator/frontend/node_modules/@esbuild/linux-mips64el
441 silly reify mark deleted [
441 silly reify   '/Users/akshata/Desktop/Project/Pregnancy Risk Calculator/frontend/node_modules/@esbuild/linux-mips64el'
441 silly reify ]
442 verbose reify failed optional dependency /Users/akshata/Desktop/Project/Pregnancy Risk Calculator/frontend/node_modules/@esbuild/linux-loong64
443 silly reify mark deleted [
443 silly reify   '/Users/akshata/Desktop/Project/Pregnancy Risk Calculator/frontend/node_modules/@esbuild/linux-loong64'
443 silly reify ]
444 verbose reify failed optional dependency /Users/akshata/Desktop/Project/Pregnancy Risk Calculator/frontend/node_modules/@esbuild/linux-ia32
445 silly reify mark deleted [
445 silly reify   '/Users/akshata/Desktop/Project/Pregnancy Risk Calculator/frontend/node_modules/@esbuild/linux-ia32'
445 silly reify ]
446 verbose reify failed optional dependency /Users/akshata/Desktop/Project/Pregnancy Risk Calculator/frontend/node_modules/@esbuild/linux-arm64
447 silly reify mark deleted [
447 silly reify   '/Users/akshata/Desktop/Project/Pregnancy Risk Calculator/frontend/node_modules/@esbuild/linux-arm64'
447 silly reify ]
448 verbose reify failed optional dependency /Users/akshata/Desktop/Project/Pregnancy Risk Calculator/frontend/node_modules/@esbuild/linux-arm
449 silly reify mark deleted [
449 silly reify   '/Users/akshata/Desktop/Project/Pregnancy Risk Calculator/frontend/node_modules/@esbuild/linux-arm'
449 silly reify ]
450 verbose reify failed optional dependency /Users/akshata/Desktop/Project/Pregnancy Risk Calculator/frontend/node_modules/@esbuild/freebsd-x64
451 silly reify mark deleted [
451 silly reify   '/Users/akshata/Desktop/Project/Pregnancy Risk Calculator/frontend/node_modules/@esbuild/freebsd-x64'
451 silly reify ]
452 verbose reify failed optional dependency /Users/akshata/Desktop/Project/Pregnancy Risk Calculator/frontend/node_modules/@esbuild/freebsd-arm64
453 silly reify mark deleted [
453 silly reify   '/Users/akshata/Desktop/Project/Pregnancy Risk Calculator/frontend/node_modules/@esbuild/freebsd-arm64'
453 silly reify ]
454 verbose reify failed optional dependency /Users/akshata/Desktop/Project/Pregnancy Risk Calculator/frontend/node_modules/@esbuild/darwin-x64
455 silly reify mark deleted [
455 silly reify   '/Users/akshata/Desktop/Project/Pregnancy Risk Calculator/frontend/node_modules/@esbuild/darwin-x64'
455 silly reify ]
456 verbose reify failed optional dependency /Users/akshata/Desktop/Project/Pregnancy Risk Calculator/frontend/node_modules/@esbuild/android-x64
457 silly reify mark deleted [
457 silly reify   '/Users/akshata/Desktop/Project/Pregnancy Risk Calculator/frontend/node_modules/@esbuild/android-x64'
457 silly reify ]
458 verbose reify failed optional dependency /Users/akshata/Desktop/Project/Pregnancy Risk Calculator/frontend/node_modules/@esbuild/android-arm64
459 silly reify mark deleted [
459 silly reify   '/Users/akshata/Desktop/Project/Pregnancy Risk Calculator/frontend/node_modules/@esbuild/android-arm64'
459 silly reify ]
460 verbose reify failed optional dependency /Users/akshata/Desktop/Project/Pregnancy Risk Calculator/frontend/node_modules/@esbuild/android-arm
461 silly reify mark deleted [
461 silly reify   '/Users/akshata/Desktop/Project/Pregnancy Risk Calculator/frontend/node_modules/@esbuild/android-arm'
461 silly reify ]
462 verbose reify failed optional dependency /Users/akshata/Desktop/Project/Pregnancy Risk Calculator/frontend/node_modules/@esbuild/aix-ppc64
463 silly reify mark deleted [
463 silly reify   '/Users/akshata/Desktop/Project/Pregnancy Risk Calculator/frontend/node_modules/@esbuild/aix-ppc64'
463 silly reify ]
464 http cache is-number@https://registry.npmjs.org/is-number/-/is-number-7.0.0.tgz 0ms (cache hit)
465 http cache thenify@https://registry.npmjs.org/thenify/-/thenify-3.3.1.tgz 0ms (cache hit)
466 http cache thenify-all@https://registry.npmjs.org/thenify-all/-/thenify-all-1.6.0.tgz 0ms (cache hit)
467 http cache object-assign@https://registry.npmjs.org/object-assign/-/object-assign-4.1.1.tgz 0ms (cache hit)
468 http cache ts-interface-checker@https://registry.npmjs.org/ts-interface-checker/-/ts-interface-checker-0.1.13.tgz 0ms (cache hit)
469 http cache pirates@https://registry.npmjs.org/pirates/-/pirates-4.0.7.tgz 0ms (cache hit)
470 http cache any-promise@https://registry.npmjs.org/any-promise/-/any-promise-1.3.0.tgz 0ms (cache hit)
471 http cache mz@https://registry.npmjs.org/mz/-/mz-2.7.0.tgz 0ms (cache hit)
472 http cache lines-and-columns@https://registry.npmjs.org/lines-and-columns/-/lines-and-columns-1.2.4.tgz 0ms (cache hit)
473 http cache commander@https://registry.npmjs.org/commander/-/commander-4.1.1.tgz 0ms (cache hit)
474 http cache queue-microtask@https://registry.npmjs.org/queue-microtask/-/queue-microtask-1.2.3.tgz 0ms (cache hit)
475 http cache function-bind@https://registry.npmjs.org/function-bind/-/function-bind-1.1.2.tgz 0ms (cache hit)
476 http cache path-parse@https://registry.npmjs.org/path-parse/-/path-parse-1.0.7.tgz 0ms (cache hit)
477 http cache is-core-module@https://registry.npmjs.org/is-core-module/-/is-core-module-2.16.1.tgz 0ms (cache hit)
478 http cache pify@https://registry.npmjs.org/pify/-/pify-2.3.0.tgz 0ms (cache hit)
479 http cache util-deprecate@https://registry.npmjs.org/util-deprecate/-/util-deprecate-1.0.2.tgz 0ms (cache hit)
480 http cache cssesc@https://registry.npmjs.org/cssesc/-/cssesc-3.0.0.tgz 0ms (cache hit)
481 http cache supports-preserve-symlinks-flag@https://registry.npmjs.org/supports-preserve-symlinks-flag/-/supports-preserve-symlinks-flag-1.0.0.tgz 0ms (cache hit)
482 http cache yaml@https://registry.npmjs.org/yaml/-/yaml-2.8.1.tgz 1ms (cache hit)
483 http cache camelcase-css@https://registry.npmjs.org/camelcase-css/-/camelcase-css-2.0.1.tgz 0ms (cache hit)
484 http cache read-cache@https://registry.npmjs.org/read-cache/-/read-cache-1.0.0.tgz 0ms (cache hit)
485 http cache to-regex-range@https://registry.npmjs.org/to-regex-range/-/to-regex-range-5.0.1.tgz 0ms (cache hit)
486 http cache reusify@https://registry.npmjs.org/reusify/-/reusify-1.1.0.tgz 0ms (cache hit)
487 http cache binary-extensions@https://registry.npmjs.org/binary-extensions/-/binary-extensions-2.3.0.tgz 0ms (cache hit)
488 http cache run-parallel@https://registry.npmjs.org/run-parallel/-/run-parallel-1.2.0.tgz 0ms (cache hit)
489 http cache fastq@https://registry.npmjs.org/fastq/-/fastq-1.19.1.tgz 0ms (cache hit)
490 http cache @nodelib/fs.scandir@https://registry.npmjs.org/@nodelib/fs.scandir/-/fs.scandir-2.1.5.tgz 0ms (cache hit)
491 http cache merge2@https://registry.npmjs.org/merge2/-/merge2-1.4.1.tgz 0ms (cache hit)
492 http cache @nodelib/fs.walk@https://registry.npmjs.org/@nodelib/fs.walk/-/fs.walk-1.2.8.tgz 0ms (cache hit)
493 http cache @nodelib/fs.stat@https://registry.npmjs.org/@nodelib/fs.stat/-/fs.stat-2.0.5.tgz 0ms (cache hit)
494 http cache fill-range@https://registry.npmjs.org/fill-range/-/fill-range-7.1.1.tgz 0ms (cache hit)
495 http cache readdirp@https://registry.npmjs.org/readdirp/-/readdirp-3.6.0.tgz 0ms (cache hit)
496 http cache anymatch@https://registry.npmjs.org/anymatch/-/anymatch-3.1.3.tgz 0ms (cache hit)
497 http cache is-binary-path@https://registry.npmjs.org/is-binary-path/-/is-binary-path-2.1.0.tgz 0ms (cache hit)
498 http cache sucrase@https://registry.npmjs.org/sucrase/-/sucrase-3.35.1.tgz 0ms (cache hit)
499 http cache resolve@https://registry.npmjs.org/resolve/-/resolve-1.22.11.tgz 0ms (cache hit)
500 http cache braces@https://registry.npmjs.org/braces/-/braces-3.0.3.tgz 0ms (cache hit)
501 http cache postcss-selector-parser@https://registry.npmjs.org/postcss-selector-parser/-/postcss-selector-parser-6.1.2.tgz 0ms (cache hit)
502 http cache postcss-nested@https://registry.npmjs.org/postcss-nested/-/postcss-nested-6.2.0.tgz 0ms (cache hit)
503 http cache postcss-load-config@https://registry.npmjs.org/postcss-load-config/-/postcss-load-config-4.0.2.tgz 0ms (cache hit)
504 http cache postcss-js@https://registry.npmjs.org/postcss-js/-/postcss-js-4.1.0.tgz 0ms (cache hit)
505 http cache postcss-import@https://registry.npmjs.org/postcss-import/-/postcss-import-15.1.0.tgz 0ms (cache hit)
506 http cache object-hash@https://registry.npmjs.org/object-hash/-/object-hash-3.0.0.tgz 0ms (cache hit)
507 http cache normalize-path@https://registry.npmjs.org/normalize-path/-/normalize-path-3.0.0.tgz 0ms (cache hit)
508 http cache hasown@https://registry.npmjs.org/hasown/-/hasown-2.0.2.tgz 0ms (cache hit)
509 http cache micromatch@https://registry.npmjs.org/micromatch/-/micromatch-4.0.8.tgz 0ms (cache hit)
510 http cache lilconfig@https://registry.npmjs.org/lilconfig/-/lilconfig-2.1.0.tgz 0ms (cache hit)
511 http cache jiti@https://registry.npmjs.org/jiti/-/jiti-1.21.7.tgz 0ms (cache hit)
512 http cache dlv@https://registry.npmjs.org/dlv/-/dlv-1.1.3.tgz 0ms (cache hit)
513 http cache didyoumean@https://registry.npmjs.org/didyoumean/-/didyoumean-1.2.2.tgz 0ms (cache hit)
514 http cache chokidar@https://registry.npmjs.org/chokidar/-/chokidar-3.6.0.tgz 0ms (cache hit)
515 http cache fast-glob@https://registry.npmjs.org/fast-glob/-/fast-glob-3.3.3.tgz 0ms (cache hit)
516 http cache @alloc/quick-lru@https://registry.npmjs.org/@alloc/quick-lru/-/quick-lru-5.2.0.tgz 0ms (cache hit)
517 http cache tailwindcss@https://registry.npmjs.org/tailwindcss/-/tailwindcss-3.4.14.tgz 0ms (cache hit)
518 http cache picomatch@https://registry.npmjs.org/picomatch/-/picomatch-2.3.1.tgz 0ms (cache hit)
519 http cache lilconfig@https://registry.npmjs.org/lilconfig/-/lilconfig-3.1.3.tgz 0ms (cache hit)
520 http cache picomatch@https://registry.npmjs.org/picomatch/-/picomatch-2.3.1.tgz 0ms (cache hit)
521 http cache glob-parent@https://registry.npmjs.org/glob-parent/-/glob-parent-5.1.2.tgz 0ms (cache hit)
522 http cache arg@https://registry.npmjs.org/arg/-/arg-5.0.2.tgz 0ms (cache hit)
523 http cache glob-parent@https://registry.npmjs.org/glob-parent/-/glob-parent-5.1.2.tgz 0ms (cache hit)
524 http cache picomatch@https://registry.npmjs.org/picomatch/-/picomatch-2.3.1.tgz 0ms (cache hit)
525 silly tarball no local data for is-number@https://registry.npmjs.org/is-number/-/is-number-7.0.0.tgz. Extracting by manifest.
526 silly tarball no local data for thenify@https://registry.npmjs.org/thenify/-/thenify-3.3.1.tgz. Extracting by manifest.
527 silly tarball no local data for thenify-all@https://registry.npmjs.org/thenify-all/-/thenify-all-1.6.0.tgz. Extracting by manifest.
528 silly tarball no local data for object-assign@https://registry.npmjs.org/object-assign/-/object-assign-4.1.1.tgz. Extracting by manifest.
529 silly tarball no local data for ts-interface-checker@https://registry.npmjs.org/ts-interface-checker/-/ts-interface-checker-0.1.13.tgz. Extracting by manifest.
530 silly tarball no local data for pirates@https://registry.npmjs.org/pirates/-/pirates-4.0.7.tgz. Extracting by manifest.
531 silly tarball no local data for any-promise@https://registry.npmjs.org/any-promise/-/any-promise-1.3.0.tgz. Extracting by manifest.
532 silly tarball no local data for mz@https://registry.npmjs.org/mz/-/mz-2.7.0.tgz. Extracting by manifest.
533 silly tarball no local data for lines-and-columns@https://registry.npmjs.org/lines-and-columns/-/lines-and-columns-1.2.4.tgz. Extracting by manifest.
534 silly tarball no local data for commander@https://registry.npmjs.org/commander/-/commander-4.1.1.tgz. Extracting by manifest.
535 silly tarball no local data for queue-microtask@https://registry.npmjs.org/queue-microtask/-/queue-microtask-1.2.3.tgz. Extracting by manifest.
536 silly tarball no local data for function-bind@https://registry.npmjs.org/function-bind/-/function-bind-1.1.2.tgz. Extracting by manifest.
537 silly tarball no local data for path-parse@https://registry.npmjs.org/path-parse/-/path-parse-1.0.7.tgz. Extracting by manifest.
538 silly tarball no local data for is-core-module@https://registry.npmjs.org/is-core-module/-/is-core-module-2.16.1.tgz. Extracting by manifest.
539 silly tarball no local data for pify@https://registry.npmjs.org/pify/-/pify-2.3.0.tgz. Extracting by manifest.
540 silly tarball no local data for util-deprecate@https://registry.npmjs.org/util-deprecate/-/util-deprecate-1.0.2.tgz. Extracting by manifest.
541 silly tarball no local data for cssesc@https://registry.npmjs.org/cssesc/-/cssesc-3.0.0.tgz. Extracting by manifest.
542 silly tarball no local data for supports-preserve-symlinks-flag@https://registry.npmjs.org/supports-preserve-symlinks-flag/-/supports-preserve-symlinks-flag-1.0.0.tgz. Extracting by manifest.
543 silly tarball no local data for yaml@https://registry.npmjs.org/yaml/-/yaml-2.8.1.tgz. Extracting by manifest.
544 silly tarball no local data for camelcase-css@https://registry.npmjs.org/camelcase-css/-/camelcase-css-2.0.1.tgz. Extracting by manifest.
545 silly tarball no local data for read-cache@https://registry.npmjs.org/read-cache/-/read-cache-1.0.0.tgz. Extracting by manifest.
546 silly tarball no local data for to-regex-range@https://registry.npmjs.org/to-regex-range/-/to-regex-range-5.0.1.tgz. Extracting by manifest.
547 silly tarball no local data for reusify@https://registry.npmjs.org/reusify/-/reusify-1.1.0.tgz. Extracting by manifest.
548 silly tarball no local data for binary-extensions@https://registry.npmjs.org/binary-extensions/-/binary-extensions-2.3.0.tgz. Extracting by manifest.
549 silly tarball no local data for run-parallel@https://registry.npmjs.org/run-parallel/-/run-parallel-1.2.0.tgz. Extracting by manifest.
550 silly tarball no local data for fastq@https://registry.npmjs.org/fastq/-/fastq-1.19.1.tgz. Extracting by manifest.
551 silly tarball no local data for @nodelib/fs.scandir@https://registry.npmjs.org/@nodelib/fs.scandir/-/fs.scandir-2.1.5.tgz. Extracting by manifest.
552 silly tarball no local data for merge2@https://registry.npmjs.org/merge2/-/merge2-1.4.1.tgz. Extracting by manifest.
553 silly tarball no local data for @nodelib/fs.walk@https://registry.npmjs.org/@nodelib/fs.walk/-/fs.walk-1.2.8.tgz. Extracting by manifest.
554 silly tarball no local data for @nodelib/fs.stat@https://registry.npmjs.org/@nodelib/fs.stat/-/fs.stat-2.0.5.tgz. Extracting by manifest.
555 silly tarball no local data for fill-range@https://registry.npmjs.org/fill-range/-/fill-range-7.1.1.tgz. Extracting by manifest.
556 silly tarball no local data for readdirp@https://registry.npmjs.org/readdirp/-/readdirp-3.6.0.tgz. Extracting by manifest.
557 silly tarball no local data for anymatch@https://registry.npmjs.org/anymatch/-/anymatch-3.1.3.tgz. Extracting by manifest.
558 silly tarball no local data for is-binary-path@https://registry.npmjs.org/is-binary-path/-/is-binary-path-2.1.0.tgz. Extracting by manifest.
559 silly tarball no local data for sucrase@https://registry.npmjs.org/sucrase/-/sucrase-3.35.1.tgz. Extracting by manifest.
560 silly tarball no local data for resolve@https://registry.npmjs.org/resolve/-/resolve-1.22.11.tgz. Extracting by manifest.
561 silly tarball no local data for braces@https://registry.npmjs.org/braces/-/braces-3.0.3.tgz. Extracting by manifest.
562 silly tarball no local data for postcss-selector-parser@https://registry.npmjs.org/postcss-selector-parser/-/postcss-selector-parser-6.1.2.tgz. Extracting by manifest.
563 silly tarball no local data for postcss-nested@https://registry.npmjs.org/postcss-nested/-/postcss-nested-6.2.0.tgz. Extracting by manifest.
564 silly tarball no local data for postcss-load-config@https://registry.npmjs.org/postcss-load-config/-/postcss-load-config-4.0.2.tgz. Extracting by manifest.
565 silly tarball no local data for postcss-js@https://registry.npmjs.org/postcss-js/-/postcss-js-4.1.0.tgz. Extracting by manifest.
566 silly tarball no local data for postcss-import@https://registry.npmjs.org/postcss-import/-/postcss-import-15.1.0.tgz. Extracting by manifest.
567 silly tarball no local data for object-hash@https://registry.npmjs.org/object-hash/-/object-hash-3.0.0.tgz. Extracting by manifest.
568 silly tarball no local data for normalize-path@https://registry.npmjs.org/normalize-path/-/normalize-path-3.0.0.tgz. Extracting by manifest.
569 silly tarball no local data for hasown@https://registry.npmjs.org/hasown/-/hasown-2.0.2.tgz. Extracting by manifest.
570 silly tarball no local data for micromatch@https://registry.npmjs.org/micromatch/-/micromatch-4.0.8.tgz. Extracting by manifest.
571 silly tarball no local data for lilconfig@https://registry.npmjs.org/lilconfig/-/lilconfig-2.1.0.tgz. Extracting by manifest.
572 silly tarball no local data for jiti@https://registry.npmjs.org/jiti/-/jiti-1.21.7.tgz. Extracting by manifest.
573 silly tarball no local data for dlv@https://registry.npmjs.org/dlv/-/dlv-1.1.3.tgz. Extracting by manifest.
574 silly tarball no local data for didyoumean@https://registry.npmjs.org/didyoumean/-/didyoumean-1.2.2.tgz. Extracting by manifest.
575 silly tarball no local data for chokidar@https://registry.npmjs.org/chokidar/-/chokidar-3.6.0.tgz. Extracting by manifest.
576 silly tarball no local data for fast-glob@https://registry.npmjs.org/fast-glob/-/fast-glob-3.3.3.tgz. Extracting by manifest.
577 silly tarball no local data for @alloc/quick-lru@https://registry.npmjs.org/@alloc/quick-lru/-/quick-lru-5.2.0.tgz. Extracting by manifest.
578 silly tarball no local data for tailwindcss@https://registry.npmjs.org/tailwindcss/-/tailwindcss-3.4.14.tgz. Extracting by manifest.
579 silly tarball no local data for picomatch@https://registry.npmjs.org/picomatch/-/picomatch-2.3.1.tgz. Extracting by manifest.
580 silly tarball no local data for lilconfig@https://registry.npmjs.org/lilconfig/-/lilconfig-3.1.3.tgz. Extracting by manifest.
581 silly tarball no local data for picomatch@https://registry.npmjs.org/picomatch/-/picomatch-2.3.1.tgz. Extracting by manifest.
582 silly tarball no local data for glob-parent@https://registry.npmjs.org/glob-parent/-/glob-parent-5.1.2.tgz. Extracting by manifest.
583 silly tarball no local data for arg@https://registry.npmjs.org/arg/-/arg-5.0.2.tgz. Extracting by manifest.
584 silly tarball no local data for glob-parent@https://registry.npmjs.org/glob-parent/-/glob-parent-5.1.2.tgz. Extracting by manifest.
585 silly tarball no local data for picomatch@https://registry.npmjs.org/picomatch/-/picomatch-2.3.1.tgz. Extracting by manifest.
586 http fetch GET 200 https://registry.npmjs.org/pirates/-/pirates-4.0.7.tgz 62ms (cache miss)
587 http fetch GET 200 https://registry.npmjs.org/ts-interface-checker/-/ts-interface-checker-0.1.13.tgz 75ms (cache miss)
588 http fetch GET 200 https://registry.npmjs.org/thenify-all/-/thenify-all-1.6.0.tgz 78ms (cache miss)
589 http fetch GET 200 https://registry.npmjs.org/is-number/-/is-number-7.0.0.tgz 86ms (cache miss)
590 http fetch GET 200 https://registry.npmjs.org/object-assign/-/object-assign-4.1.1.tgz 85ms (cache miss)
591 http fetch GET 200 https://registry.npmjs.org/thenify/-/thenify-3.3.1.tgz 90ms (cache miss)
592 http fetch GET 200 https://registry.npmjs.org/pify/-/pify-2.3.0.tgz 88ms (cache miss)
593 http fetch GET 200 https://registry.npmjs.org/function-bind/-/function-bind-1.1.2.tgz 101ms (cache miss)
594 http fetch GET 200 https://registry.npmjs.org/commander/-/commander-4.1.1.tgz 112ms (cache miss)
595 http fetch GET 200 https://registry.npmjs.org/queue-microtask/-/queue-microtask-1.2.3.tgz 113ms (cache miss)
596 http fetch GET 200 https://registry.npmjs.org/lines-and-columns/-/lines-and-columns-1.2.4.tgz 118ms (cache miss)
597 http fetch GET 200 https://registry.npmjs.org/util-deprecate/-/util-deprecate-1.0.2.tgz 125ms (cache miss)
598 http fetch GET 200 https://registry.npmjs.org/is-core-module/-/is-core-module-2.16.1.tgz 130ms (cache miss)
599 http fetch GET 200 https://registry.npmjs.org/cssesc/-/cssesc-3.0.0.tgz 130ms (cache miss)
600 http fetch GET 200 https://registry.npmjs.org/read-cache/-/read-cache-1.0.0.tgz 145ms (cache miss)
601 http fetch GET 200 https://registry.npmjs.org/to-regex-range/-/to-regex-range-5.0.1.tgz 145ms (cache miss)
602 http fetch GET 200 https://registry.npmjs.org/binary-extensions/-/binary-extensions-2.3.0.tgz 152ms (cache miss)
603 http fetch GET 200 https://registry.npmjs.org/path-parse/-/path-parse-1.0.7.tgz 155ms (cache miss)
604 http fetch GET 200 https://registry.npmjs.org/camelcase-css/-/camelcase-css-2.0.1.tgz 161ms (cache miss)
605 http fetch GET 200 https://registry.npmjs.org/reusify/-/reusify-1.1.0.tgz 161ms (cache miss)
606 http fetch GET 200 https://registry.npmjs.org/run-parallel/-/run-parallel-1.2.0.tgz 167ms (cache miss)
607 http fetch GET 200 https://registry.npmjs.org/mz/-/mz-2.7.0.tgz 172ms (cache miss)
608 http fetch GET 200 https://registry.npmjs.org/any-promise/-/any-promise-1.3.0.tgz 173ms (cache miss)
609 http fetch GET 200 https://registry.npmjs.org/merge2/-/merge2-1.4.1.tgz 180ms (cache miss)
610 http fetch GET 200 https://registry.npmjs.org/fastq/-/fastq-1.19.1.tgz 191ms (cache miss)
611 http fetch GET 200 https://registry.npmjs.org/fill-range/-/fill-range-7.1.1.tgz 191ms (cache miss)
612 http fetch GET 200 https://registry.npmjs.org/yaml/-/yaml-2.8.1.tgz 203ms (cache miss)
613 http fetch GET 200 https://registry.npmjs.org/readdirp/-/readdirp-3.6.0.tgz 207ms (cache miss)
614 http fetch GET 200 https://registry.npmjs.org/anymatch/-/anymatch-3.1.3.tgz 212ms (cache miss)
615 http fetch GET 200 https://registry.npmjs.org/postcss-js/-/postcss-js-4.1.0.tgz 253ms (cache miss)
616 http fetch GET 200 https://registry.npmjs.org/braces/-/braces-3.0.3.tgz 270ms (cache miss)
617 http fetch GET 200 https://registry.npmjs.org/postcss-selector-parser/-/postcss-selector-parser-6.1.2.tgz 271ms (cache miss)
618 http fetch GET 200 https://registry.npmjs.org/@nodelib/fs.stat/-/fs.stat-2.0.5.tgz 272ms (cache miss)
619 http fetch GET 200 https://registry.npmjs.org/postcss-load-config/-/postcss-load-config-4.0.2.tgz 274ms (cache miss)
620 http fetch GET 200 https://registry.npmjs.org/is-binary-path/-/is-binary-path-2.1.0.tgz 276ms (cache miss)
621 http fetch GET 200 https://registry.npmjs.org/postcss-nested/-/postcss-nested-6.2.0.tgz 275ms (cache miss)
622 http fetch GET 200 https://registry.npmjs.org/normalize-path/-/normalize-path-3.0.0.tgz 291ms (cache miss)
623 http fetch GET 200 https://registry.npmjs.org/postcss-import/-/postcss-import-15.1.0.tgz 292ms (cache miss)
624 http fetch GET 200 https://registry.npmjs.org/supports-preserve-symlinks-flag/-/supports-preserve-symlinks-flag-1.0.0.tgz 302ms (cache miss)
625 http fetch GET 200 https://registry.npmjs.org/object-hash/-/object-hash-3.0.0.tgz 301ms (cache miss)
626 http fetch GET 200 https://registry.npmjs.org/sucrase/-/sucrase-3.35.1.tgz 303ms (cache miss)
627 http fetch GET 200 https://registry.npmjs.org/resolve/-/resolve-1.22.11.tgz 310ms (cache miss)
628 http fetch POST 200 https://registry.npmjs.org/-/npm/v1/security/advisories/bulk 341ms
629 silly audit report {}
630 http fetch GET 200 https://registry.npmjs.org/hasown/-/hasown-2.0.2.tgz 326ms (cache miss)
631 http fetch GET 200 https://registry.npmjs.org/didyoumean/-/didyoumean-1.2.2.tgz 325ms (cache miss)
632 http fetch GET 200 https://registry.npmjs.org/micromatch/-/micromatch-4.0.8.tgz 326ms (cache miss)
633 http fetch GET 200 https://registry.npmjs.org/chokidar/-/chokidar-3.6.0.tgz 355ms (cache miss)
634 http fetch GET 200 https://registry.npmjs.org/fast-glob/-/fast-glob-3.3.3.tgz 381ms (cache miss)
635 http fetch GET 200 https://registry.npmjs.org/lilconfig/-/lilconfig-2.1.0.tgz 404ms (cache miss)
636 http fetch GET 200 https://registry.npmjs.org/picomatch/-/picomatch-2.3.1.tgz 407ms (cache miss)
637 http fetch GET 200 https://registry.npmjs.org/dlv/-/dlv-1.1.3.tgz 411ms (cache miss)
638 http fetch GET 200 https://registry.npmjs.org/lilconfig/-/lilconfig-3.1.3.tgz 426ms (cache miss)
639 http fetch GET 200 https://registry.npmjs.org/jiti/-/jiti-1.21.7.tgz 428ms (cache miss)
640 http fetch GET 200 https://registry.npmjs.org/@nodelib/fs.walk/-/fs.walk-1.2.8.tgz 433ms (cache miss)
641 http fetch GET 200 https://registry.npmjs.org/glob-parent/-/glob-parent-5.1.2.tgz 437ms (cache miss)
642 http fetch GET 200 https://registry.npmjs.org/picomatch/-/picomatch-2.3.1.tgz 439ms (cache miss)
643 http fetch GET 200 https://registry.npmjs.org/glob-parent/-/glob-parent-5.1.2.tgz 451ms (cache miss)
644 http fetch GET 200 https://registry.npmjs.org/arg/-/arg-5.0.2.tgz 452ms (cache miss)
645 http fetch GET 200 https://registry.npmjs.org/@nodelib/fs.scandir/-/fs.scandir-2.1.5.tgz 456ms (cache miss)
646 http fetch GET 200 https://registry.npmjs.org/picomatch/-/picomatch-2.3.1.tgz 454ms (cache miss)
647 http fetch GET 200 https://registry.npmjs.org/tailwindcss/-/tailwindcss-3.4.14.tgz 505ms (cache miss)
648 http fetch GET 200 https://registry.npmjs.org/@alloc/quick-lru/-/quick-lru-5.2.0.tgz 507ms (cache miss)
649 silly ADD node_modules/is-number
650 silly ADD node_modules/thenify
651 silly ADD node_modules/thenify-all
652 silly ADD node_modules/object-assign
653 silly ADD node_modules/any-promise
654 silly ADD node_modules/ts-interface-checker
655 silly ADD node_modules/pirates
656 silly ADD node_modules/mz
657 silly ADD node_modules/lines-and-columns
658 silly ADD node_modules/commander
659 silly ADD node_modules/queue-microtask
660 silly ADD node_modules/function-bind
661 silly ADD node_modules/hasown
662 silly ADD node_modules/supports-preserve-symlinks-flag
663 silly ADD node_modules/path-parse
664 silly ADD node_modules/is-core-module
665 silly ADD node_modules/pify
666 silly ADD node_modules/util-deprecate
667 silly ADD node_modules/cssesc
668 silly ADD node_modules/yaml
669 silly ADD node_modules/camelcase-css
670 silly ADD node_modules/read-cache
671 silly ADD node_modules/binary-extensions
672 silly ADD node_modules/to-regex-range
673 silly ADD node_modules/reusify
674 silly ADD node_modules/run-parallel
675 silly ADD node_modules/fastq
676 silly ADD node_modules/@nodelib/fs.scandir
677 silly ADD node_modules/merge2
678 silly ADD node_modules/@nodelib/fs.walk
679 silly ADD node_modules/@nodelib/fs.stat
680 silly ADD node_modules/fill-range
681 silly ADD node_modules/readdirp
682 silly ADD node_modules/readdirp/node_modules/picomatch
683 silly ADD node_modules/is-binary-path
684 silly ADD node_modules/braces
685 silly ADD node_modules/anymatch
686 silly ADD node_modules/anymatch/node_modules/picomatch
687 silly ADD node_modules/sucrase
688 silly ADD node_modules/resolve
689 silly ADD node_modules/postcss-selector-parser
690 silly ADD node_modules/postcss-nested
691 silly ADD node_modules/postcss-load-config
692 silly ADD node_modules/postcss-load-config/node_modules/lilconfig
693 silly ADD node_modules/postcss-js
694 silly ADD node_modules/postcss-import
695 silly ADD node_modules/object-hash
696 silly ADD node_modules/normalize-path
697 silly ADD node_modules/micromatch
698 silly ADD node_modules/micromatch/node_modules/picomatch
699 silly ADD node_modules/lilconfig
700 silly ADD node_modules/jiti
701 silly ADD node_modules/fast-glob
702 silly ADD node_modules/fast-glob/node_modules/glob-parent
703 silly ADD node_modules/dlv
704 silly ADD node_modules/didyoumean
705 silly ADD node_modules/chokidar
706 silly ADD node_modules/chokidar/node_modules/glob-parent
707 silly ADD node_modules/arg
708 silly ADD node_modules/@alloc/quick-lru
709 silly ADD
710 silly ADD
711 silly ADD
712 silly ADD
713 silly ADD
714 silly ADD
715 silly ADD
716 silly ADD
717 silly ADD
718 silly ADD
719 silly ADD
720 silly ADD
721 silly ADD
722 silly ADD
723 silly ADD
724 silly ADD
725 silly ADD
726 silly ADD
727 silly ADD
728 silly ADD
729 silly ADD
730 silly ADD
731 silly ADD
732 silly ADD
733 silly ADD
734 silly ADD
735 silly ADD
736 silly ADD
737 silly ADD
738 silly ADD
739 silly ADD
740 silly ADD
741 silly ADD
742 silly ADD
743 silly ADD
744 silly ADD
745 silly ADD
746 silly ADD
747 silly ADD
748 silly ADD
749 silly ADD
750 silly ADD
751 silly ADD
752 silly ADD
753 silly ADD
754 silly ADD
755 silly CHANGE node_modules/tailwindcss
756 verbose cwd /Users/akshata/Desktop/Project/Pregnancy Risk Calculator/frontend
757 verbose os Darwin 24.3.0
758 verbose node v22.14.0
759 verbose npm  v10.9.2
760 verbose exit 0
761 info ok
