0 verbose cli /usr/local/bin/node /usr/local/lib/node_modules/npm/bin/npm-cli.js
1 info using npm@10.9.2
2 info using node@v22.14.0
3 silly config load:file:/usr/local/lib/node_modules/npm/npmrc
4 silly config load:file:/Users/akshata/Desktop/Project/Pregnancy Risk Calculator/frontend/.npmrc
5 silly config load:file:/Users/akshata/.npmrc
6 silly config load:file:/usr/local/etc/npmrc
7 verbose title npm exec tailwindcss init -p
8 verbose argv "exec" "--" "tailwindcss" "init" "-p"
9 verbose logfile logs-max:10 dir:/Users/akshata/Desktop/Project/Pregnancy Risk Calculator/.npm-cache/_logs/2025-11-25T09_53_26_810Z-
10 verbose logfile /Users/akshata/Desktop/Project/Pregnancy Risk Calculator/.npm-cache/_logs/2025-11-25T09_53_26_810Z-debug-0.log
11 silly logfile done cleaning log files
12 silly packumentCache heap:2197815296 maxSize:549453824 maxEntrySize:274726912
13 verbose stack Error: could not determine executable to run
13 verbose stack     at getBinFromManifest (/usr/local/lib/node_modules/npm/node_modules/libnpmexec/lib/get-bin-from-manifest.js:17:23)
13 verbose stack     at exec (/usr/local/lib/node_modules/npm/node_modules/libnpmexec/lib/index.js:202:15)
13 verbose stack     at async Npm.exec (/usr/local/lib/node_modules/npm/lib/npm.js:207:9)
13 verbose stack     at async module.exports (/usr/local/lib/node_modules/npm/lib/cli/entry.js:74:5)
14 verbose pkgid tailwindcss@4.1.17
15 error could not determine executable to run
16 verbose cwd /Users/akshata/Desktop/Project/Pregnancy Risk Calculator/frontend
17 verbose os Darwin 24.3.0
18 verbose node v22.14.0
19 verbose npm  v10.9.2
20 verbose exit 1
21 verbose code 1
22 error A complete log of this run can be found in: /Users/akshata/Desktop/Project/Pregnancy Risk Calculator/.npm-cache/_logs/2025-11-25T09_53_26_810Z-debug-0.log
