0 verbose cli /usr/local/bin/node /usr/local/bin/npm
1 info using npm@10.9.2
2 info using node@v22.14.0
3 silly config load:file:/usr/local/lib/node_modules/npm/npmrc
4 silly config load:file:/Users/akshata/Desktop/Project/Pregnancy Risk Calculator/frontend/.npmrc
5 silly config load:file:/Users/akshata/.npmrc
6 silly config load:file:/usr/local/etc/npmrc
7 verbose title npm install tailwindcss postcss autoprefixer
8 verbose argv "install" "--save-dev" "tailwindcss" "postcss" "autoprefixer"
9 verbose logfile logs-max:10 dir:/Users/akshata/Desktop/Project/Pregnancy Risk Calculator/.npm-cache/_logs/2025-11-25T09_53_19_579Z-
10 verbose logfile /Users/akshata/Desktop/Project/Pregnancy Risk Calculator/.npm-cache/_logs/2025-11-25T09_53_19_579Z-debug-0.log
11 silly logfile done cleaning log files
12 silly packumentCache heap:2197815296 maxSize:549453824 maxEntrySize:274726912
13 silly idealTree buildDeps
14 silly fetch manifest tailwindcss@*
15 silly packumentCache full:https://registry.npmjs.org/tailwindcss cache-miss
16 http fetch GET 200 https://registry.npmjs.org/tailwindcss 287ms (cache miss)
17 silly packumentCache full:https://registry.npmjs.org/tailwindcss set size:undefined disposed:false
18 silly fetch manifest postcss@*
19 silly packumentCache full:https://registry.npmjs.org/postcss cache-miss
20 http cache https://registry.npmjs.org/postcss 6ms (cache hit)
21 silly packumentCache full:https://registry.npmjs.org/postcss set size:696248 disposed:false
22 silly fetch manifest autoprefixer@*
23 silly packumentCache full:https://registry.npmjs.org/autoprefixer cache-miss
24 http fetch GET 200 https://registry.npmjs.org/autoprefixer 81ms (cache miss)
25 silly packumentCache full:https://registry.npmjs.org/autoprefixer set size:undefined disposed:false
26 silly placeDep ROOT autoprefixer@10.4.22 OK for: frontend@0.0.0 want: *
27 silly placeDep ROOT postcss@8.5.6 REPLACE for: frontend@0.0.0 want: *
28 silly placeDep ROOT tailwindcss@4.1.17 OK for: frontend@0.0.0 want: *
29 silly fetch manifest fraction.js@^5.3.4
30 silly packumentCache full:https://registry.npmjs.org/fraction.js cache-miss
31 silly fetch manifest normalize-range@^0.1.2
32 silly packumentCache full:https://registry.npmjs.org/normalize-range cache-miss
33 silly fetch manifest postcss-value-parser@^4.2.0
34 silly packumentCache full:https://registry.npmjs.org/postcss-value-parser cache-miss
35 http fetch GET 200 https://registry.npmjs.org/fraction.js 76ms (cache miss)
36 silly packumentCache full:https://registry.npmjs.org/fraction.js set size:undefined disposed:false
37 http fetch GET 200 https://registry.npmjs.org/postcss-value-parser 151ms (cache miss)
38 silly packumentCache full:https://registry.npmjs.org/postcss-value-parser set size:undefined disposed:false
39 http fetch GET 200 https://registry.npmjs.org/normalize-range 160ms (cache miss)
40 silly packumentCache full:https://registry.npmjs.org/normalize-range set size:undefined disposed:false
41 silly placeDep ROOT fraction.js@5.3.4 OK for: autoprefixer@10.4.22 want: ^5.3.4
42 silly placeDep ROOT normalize-range@0.1.2 OK for: autoprefixer@10.4.22 want: ^0.1.2
43 silly placeDep ROOT postcss-value-parser@4.2.0 OK for: autoprefixer@10.4.22 want: ^4.2.0
44 silly reify moves {}
45 silly audit bulk request {
45 silly audit   '@babel/code-frame': [ '7.27.1' ],
45 silly audit   '@babel/compat-data': [ '7.28.5' ],
45 silly audit   '@babel/core': [ '7.28.5' ],
45 silly audit   '@babel/generator': [ '7.28.5' ],
45 silly audit   '@babel/helper-compilation-targets': [ '7.27.2' ],
45 silly audit   '@babel/helper-globals': [ '7.28.0' ],
45 silly audit   '@babel/helper-module-imports': [ '7.27.1' ],
45 silly audit   '@babel/helper-module-transforms': [ '7.28.3' ],
45 silly audit   '@babel/helper-plugin-utils': [ '7.27.1' ],
45 silly audit   '@babel/helper-string-parser': [ '7.27.1' ],
45 silly audit   '@babel/helper-validator-identifier': [ '7.28.5' ],
45 silly audit   '@babel/helper-validator-option': [ '7.27.1' ],
45 silly audit   '@babel/helpers': [ '7.28.4' ],
45 silly audit   '@babel/parser': [ '7.28.5' ],
45 silly audit   '@babel/plugin-transform-react-jsx-self': [ '7.27.1' ],
45 silly audit   '@babel/plugin-transform-react-jsx-source': [ '7.27.1' ],
45 silly audit   '@babel/template': [ '7.27.2' ],
45 silly audit   '@babel/traverse': [ '7.28.5' ],
45 silly audit   '@babel/types': [ '7.28.5' ],
45 silly audit   '@esbuild/aix-ppc64': [ '0.25.12' ],
45 silly audit   '@esbuild/android-arm': [ '0.25.12' ],
45 silly audit   '@esbuild/android-arm64': [ '0.25.12' ],
45 silly audit   '@esbuild/android-x64': [ '0.25.12' ],
45 silly audit   '@esbuild/darwin-arm64': [ '0.25.12' ],
45 silly audit   '@esbuild/darwin-x64': [ '0.25.12' ],
45 silly audit   '@esbuild/freebsd-arm64': [ '0.25.12' ],
45 silly audit   '@esbuild/freebsd-x64': [ '0.25.12' ],
45 silly audit   '@esbuild/linux-arm': [ '0.25.12' ],
45 silly audit   '@esbuild/linux-arm64': [ '0.25.12' ],
45 silly audit   '@esbuild/linux-ia32': [ '0.25.12' ],
45 silly audit   '@esbuild/linux-loong64': [ '0.25.12' ],
45 silly audit   '@esbuild/linux-mips64el': [ '0.25.12' ],
45 silly audit   '@esbuild/linux-ppc64': [ '0.25.12' ],
45 silly audit   '@esbuild/linux-riscv64': [ '0.25.12' ],
45 silly audit   '@esbuild/linux-s390x': [ '0.25.12' ],
45 silly audit   '@esbuild/linux-x64': [ '0.25.12' ],
45 silly audit   '@esbuild/netbsd-arm64': [ '0.25.12' ],
45 silly audit   '@esbuild/netbsd-x64': [ '0.25.12' ],
45 silly audit   '@esbuild/openbsd-arm64': [ '0.25.12' ],
45 silly audit   '@esbuild/openbsd-x64': [ '0.25.12' ],
45 silly audit   '@esbuild/openharmony-arm64': [ '0.25.12' ],
45 silly audit   '@esbuild/sunos-x64': [ '0.25.12' ],
45 silly audit   '@esbuild/win32-arm64': [ '0.25.12' ],
45 silly audit   '@esbuild/win32-ia32': [ '0.25.12' ],
45 silly audit   '@esbuild/win32-x64': [ '0.25.12' ],
45 silly audit   '@eslint-community/eslint-utils': [ '4.9.0' ],
45 silly audit   'eslint-visitor-keys': [ '3.4.3', '4.2.1' ],
45 silly audit   '@eslint-community/regexpp': [ '4.12.2' ],
45 silly audit   '@eslint/config-array': [ '0.21.1' ],
45 silly audit   '@eslint/config-helpers': [ '0.4.2' ],
45 silly audit   '@eslint/core': [ '0.17.0' ],
45 silly audit   '@eslint/eslintrc': [ '3.3.1' ],
45 silly audit   globals: [ '14.0.0', '16.5.0' ],
45 silly audit   '@eslint/js': [ '9.39.1' ],
45 silly audit   '@eslint/object-schema': [ '2.1.7' ],
45 silly audit   '@eslint/plugin-kit': [ '0.4.1' ],
45 silly audit   '@humanfs/core': [ '0.19.1' ],
45 silly audit   '@humanfs/node': [ '0.16.7' ],
45 silly audit   '@humanwhocodes/module-importer': [ '1.0.1' ],
45 silly audit   '@humanwhocodes/retry': [ '0.4.3' ],
45 silly audit   '@jridgewell/gen-mapping': [ '0.3.13' ],
45 silly audit   '@jridgewell/remapping': [ '2.3.5' ],
45 silly audit   '@jridgewell/resolve-uri': [ '3.1.2' ],
45 silly audit   '@jridgewell/sourcemap-codec': [ '1.5.5' ],
45 silly audit   '@jridgewell/trace-mapping': [ '0.3.31' ],
45 silly audit   '@rolldown/pluginutils': [ '1.0.0-beta.47' ],
45 silly audit   '@rollup/rollup-android-arm-eabi': [ '4.53.3' ],
45 silly audit   '@rollup/rollup-android-arm64': [ '4.53.3' ],
45 silly audit   '@rollup/rollup-darwin-arm64': [ '4.53.3' ],
45 silly audit   '@rollup/rollup-darwin-x64': [ '4.53.3' ],
45 silly audit   '@rollup/rollup-freebsd-arm64': [ '4.53.3' ],
45 silly audit   '@rollup/rollup-freebsd-x64': [ '4.53.3' ],
45 silly audit   '@rollup/rollup-linux-arm-gnueabihf': [ '4.53.3' ],
45 silly audit   '@rollup/rollup-linux-arm-musleabihf': [ '4.53.3' ],
45 silly audit   '@rollup/rollup-linux-arm64-gnu': [ '4.53.3' ],
45 silly audit   '@rollup/rollup-linux-arm64-musl': [ '4.53.3' ],
45 silly audit   '@rollup/rollup-linux-loong64-gnu': [ '4.53.3' ],
45 silly audit   '@rollup/rollup-linux-ppc64-gnu': [ '4.53.3' ],
45 silly audit   '@rollup/rollup-linux-riscv64-gnu': [ '4.53.3' ],
45 silly audit   '@rollup/rollup-linux-riscv64-musl': [ '4.53.3' ],
45 silly audit   '@rollup/rollup-linux-s390x-gnu': [ '4.53.3' ],
45 silly audit   '@rollup/rollup-linux-x64-gnu': [ '4.53.3' ],
45 silly audit   '@rollup/rollup-linux-x64-musl': [ '4.53.3' ],
45 silly audit   '@rollup/rollup-openharmony-arm64': [ '4.53.3' ],
45 silly audit   '@rollup/rollup-win32-arm64-msvc': [ '4.53.3' ],
45 silly audit   '@rollup/rollup-win32-ia32-msvc': [ '4.53.3' ],
45 silly audit   '@rollup/rollup-win32-x64-gnu': [ '4.53.3' ],
45 silly audit   '@rollup/rollup-win32-x64-msvc': [ '4.53.3' ],
45 silly audit   '@types/babel__core': [ '7.20.5' ],
45 silly audit   '@types/babel__generator': [ '7.27.0' ],
45 silly audit   '@types/babel__template': [ '7.4.4' ],
45 silly audit   '@types/babel__traverse': [ '7.28.0' ],
45 silly audit   '@types/estree': [ '1.0.8' ],
45 silly audit   '@types/json-schema': [ '7.0.15' ],
45 silly audit   '@types/react': [ '19.2.7' ],
45 silly audit   '@types/react-dom': [ '19.2.3' ],
45 silly audit   '@vitejs/plugin-react': [ '5.1.1' ],
45 silly audit   acorn: [ '8.15.0' ],
45 silly audit   'acorn-jsx': [ '5.3.2' ],
45 silly audit   ajv: [ '6.12.6' ],
45 silly audit   'ansi-styles': [ '4.3.0' ],
45 silly audit   argparse: [ '2.0.1' ],
45 silly audit   'balanced-match': [ '1.0.2' ],
45 silly audit   'baseline-browser-mapping': [ '2.8.31' ],
45 silly audit   'brace-expansion': [ '1.1.12' ],
45 silly audit   browserslist: [ '4.28.0' ],
45 silly audit   callsites: [ '3.1.0' ],
45 silly audit   'caniuse-lite': [ '1.0.30001757' ],
45 silly audit   chalk: [ '4.1.2' ],
45 silly audit   'color-convert': [ '2.0.1' ],
45 silly audit   'color-name': [ '1.1.4' ],
45 silly audit   'concat-map': [ '0.0.1' ],
45 silly audit   'convert-source-map': [ '2.0.0' ],
45 silly audit   'cross-spawn': [ '7.0.6' ],
45 silly audit   csstype: [ '3.2.3' ],
45 silly audit   debug: [ '4.4.3' ],
45 silly audit   'deep-is': [ '0.1.4' ],
45 silly audit   'electron-to-chromium': [ '1.5.260' ],
45 silly audit   esbuild: [ '0.25.12' ],
45 silly audit   escalade: [ '3.2.0' ],
45 silly audit   'escape-string-regexp': [ '4.0.0' ],
45 silly audit   eslint: [ '9.39.1' ],
45 silly audit   'eslint-plugin-react-hooks': [ '7.0.1' ],
45 silly audit   'eslint-plugin-react-refresh': [ '0.4.24' ],
45 silly audit   'eslint-scope': [ '8.4.0' ],
45 silly audit   espree: [ '10.4.0' ],
45 silly audit   esquery: [ '1.6.0' ],
45 silly audit   esrecurse: [ '4.3.0' ],
45 silly audit   estraverse: [ '5.3.0' ],
45 silly audit   esutils: [ '2.0.3' ],
45 silly audit   'fast-deep-equal': [ '3.1.3' ],
45 silly audit   'fast-json-stable-stringify': [ '2.1.0' ],
45 silly audit   'fast-levenshtein': [ '2.0.6' ],
45 silly audit   fdir: [ '6.5.0' ],
45 silly audit   'file-entry-cache': [ '8.0.0' ],
45 silly audit   'find-up': [ '5.0.0' ],
45 silly audit   'flat-cache': [ '4.0.1' ],
45 silly audit   flatted: [ '3.3.3' ],
45 silly audit   fsevents: [ '2.3.3' ],
45 silly audit   gensync: [ '1.0.0-beta.2' ],
45 silly audit   'glob-parent': [ '6.0.2' ],
45 silly audit   'has-flag': [ '4.0.0' ],
45 silly audit   'hermes-estree': [ '0.25.1' ],
45 silly audit   'hermes-parser': [ '0.25.1' ],
45 silly audit   ignore: [ '5.3.2' ],
45 silly audit   'import-fresh': [ '3.3.1' ],
45 silly audit   imurmurhash: [ '0.1.4' ],
45 silly audit   'is-extglob': [ '2.1.1' ],
45 silly audit   'is-glob': [ '4.0.3' ],
45 silly audit   isexe: [ '2.0.0' ],
45 silly audit   'js-tokens': [ '4.0.0' ],
45 silly audit   'js-yaml': [ '4.1.1' ],
45 silly audit   jsesc: [ '3.1.0' ],
45 silly audit   'json-buffer': [ '3.0.1' ],
45 silly audit   'json-schema-traverse': [ '0.4.1' ],
45 silly audit   'json-stable-stringify-without-jsonify': [ '1.0.1' ],
45 silly audit   json5: [ '2.2.3' ],
45 silly audit   keyv: [ '4.5.4' ],
45 silly audit   levn: [ '0.4.1' ],
45 silly audit   'locate-path': [ '6.0.0' ],
45 silly audit   'lodash.merge': [ '4.6.2' ],
45 silly audit   'lru-cache': [ '5.1.1' ],
45 silly audit   minimatch: [ '3.1.2' ],
45 silly audit   ms: [ '2.1.3' ],
45 silly audit   nanoid: [ '3.3.11' ],
45 silly audit   'natural-compare': [ '1.4.0' ],
45 silly audit   'node-releases': [ '2.0.27' ],
45 silly audit   optionator: [ '0.9.4' ],
45 silly audit   'p-limit': [ '3.1.0' ],
45 silly audit   'p-locate': [ '5.0.0' ],
45 silly audit   'parent-module': [ '1.0.1' ],
45 silly audit   'path-exists': [ '4.0.0' ],
45 silly audit   'path-key': [ '3.1.1' ],
45 silly audit   picocolors: [ '1.1.1' ],
45 silly audit   picomatch: [ '4.0.3' ],
45 silly audit   'prelude-ls': [ '1.2.1' ],
45 silly audit   punycode: [ '2.3.1' ],
45 silly audit   react: [ '19.2.0' ],
45 silly audit   'react-dom': [ '19.2.0' ],
45 silly audit   'react-refresh': [ '0.18.0' ],
45 silly audit   'resolve-from': [ '4.0.0' ],
45 silly audit   rollup: [ '4.53.3' ],
45 silly audit   scheduler: [ '0.27.0' ],
45 silly audit   semver: [ '6.3.1' ],
45 silly audit   'shebang-command': [ '2.0.0' ],
45 silly audit   'shebang-regex': [ '3.0.0' ],
45 silly audit   'source-map-js': [ '1.2.1' ],
45 silly audit   'strip-json-comments': [ '3.1.1' ],
45 silly audit   'supports-color': [ '7.2.0' ],
45 silly audit   tinyglobby: [ '0.2.15' ],
45 silly audit   'type-check': [ '0.4.0' ],
45 silly audit   'update-browserslist-db': [ '1.1.4' ],
45 silly audit   'uri-js': [ '4.4.1' ],
45 silly audit   vite: [ '7.2.4' ],
45 silly audit   which: [ '2.0.2' ],
45 silly audit   'word-wrap': [ '1.2.5' ],
45 silly audit   yallist: [ '3.1.1' ],
45 silly audit   'yocto-queue': [ '0.1.0' ],
45 silly audit   zod: [ '4.1.13' ],
45 silly audit   'zod-validation-error': [ '4.0.2' ],
45 silly audit   autoprefixer: [ '10.4.22' ],
45 silly audit   postcss: [ '8.5.6' ],
45 silly audit   tailwindcss: [ '4.1.17' ],
45 silly audit   'fraction.js': [ '5.3.4' ],
45 silly audit   'normalize-range': [ '0.1.2' ],
45 silly audit   'postcss-value-parser': [ '4.2.0' ]
45 silly audit }
46 verbose reify failed optional dependency /Users/akshata/Desktop/Project/Pregnancy Risk Calculator/frontend/node_modules/@rollup/rollup-win32-x64-msvc
47 silly reify mark deleted [
47 silly reify   '/Users/akshata/Desktop/Project/Pregnancy Risk Calculator/frontend/node_modules/@rollup/rollup-win32-x64-msvc'
47 silly reify ]
48 verbose reify failed optional dependency /Users/akshata/Desktop/Project/Pregnancy Risk Calculator/frontend/node_modules/@rollup/rollup-win32-x64-gnu
49 silly reify mark deleted [
49 silly reify   '/Users/akshata/Desktop/Project/Pregnancy Risk Calculator/frontend/node_modules/@rollup/rollup-win32-x64-gnu'
49 silly reify ]
50 verbose reify failed optional dependency /Users/akshata/Desktop/Project/Pregnancy Risk Calculator/frontend/node_modules/@rollup/rollup-win32-ia32-msvc
51 silly reify mark deleted [
51 silly reify   '/Users/akshata/Desktop/Project/Pregnancy Risk Calculator/frontend/node_modules/@rollup/rollup-win32-ia32-msvc'
51 silly reify ]
52 verbose reify failed optional dependency /Users/akshata/Desktop/Project/Pregnancy Risk Calculator/frontend/node_modules/@rollup/rollup-win32-arm64-msvc
53 silly reify mark deleted [
53 silly reify   '/Users/akshata/Desktop/Project/Pregnancy Risk Calculator/frontend/node_modules/@rollup/rollup-win32-arm64-msvc'
53 silly reify ]
54 verbose reify failed optional dependency /Users/akshata/Desktop/Project/Pregnancy Risk Calculator/frontend/node_modules/@rollup/rollup-openharmony-arm64
55 silly reify mark deleted [
55 silly reify   '/Users/akshata/Desktop/Project/Pregnancy Risk Calculator/frontend/node_modules/@rollup/rollup-openharmony-arm64'
55 silly reify ]
56 verbose reify failed optional dependency /Users/akshata/Desktop/Project/Pregnancy Risk Calculator/frontend/node_modules/@rollup/rollup-linux-x64-musl
57 silly reify mark deleted [
57 silly reify   '/Users/akshata/Desktop/Project/Pregnancy Risk Calculator/frontend/node_modules/@rollup/rollup-linux-x64-musl'
57 silly reify ]
58 verbose reify failed optional dependency /Users/akshata/Desktop/Project/Pregnancy Risk Calculator/frontend/node_modules/@rollup/rollup-linux-x64-gnu
59 silly reify mark deleted [
59 silly reify   '/Users/akshata/Desktop/Project/Pregnancy Risk Calculator/frontend/node_modules/@rollup/rollup-linux-x64-gnu'
59 silly reify ]
60 verbose reify failed optional dependency /Users/akshata/Desktop/Project/Pregnancy Risk Calculator/frontend/node_modules/@rollup/rollup-linux-s390x-gnu
61 silly reify mark deleted [
61 silly reify   '/Users/akshata/Desktop/Project/Pregnancy Risk Calculator/frontend/node_modules/@rollup/rollup-linux-s390x-gnu'
61 silly reify ]
62 verbose reify failed optional dependency /Users/akshata/Desktop/Project/Pregnancy Risk Calculator/frontend/node_modules/@rollup/rollup-linux-riscv64-musl
63 silly reify mark deleted [
63 silly reify   '/Users/akshata/Desktop/Project/Pregnancy Risk Calculator/frontend/node_modules/@rollup/rollup-linux-riscv64-musl'
63 silly reify ]
64 verbose reify failed optional dependency /Users/akshata/Desktop/Project/Pregnancy Risk Calculator/frontend/node_modules/@rollup/rollup-linux-riscv64-gnu
65 silly reify mark deleted [
65 silly reify   '/Users/akshata/Desktop/Project/Pregnancy Risk Calculator/frontend/node_modules/@rollup/rollup-linux-riscv64-gnu'
65 silly reify ]
66 verbose reify failed optional dependency /Users/akshata/Desktop/Project/Pregnancy Risk Calculator/frontend/node_modules/@rollup/rollup-linux-ppc64-gnu
67 silly reify mark deleted [
67 silly reify   '/Users/akshata/Desktop/Project/Pregnancy Risk Calculator/frontend/node_modules/@rollup/rollup-linux-ppc64-gnu'
67 silly reify ]
68 verbose reify failed optional dependency /Users/akshata/Desktop/Project/Pregnancy Risk Calculator/frontend/node_modules/@rollup/rollup-linux-loong64-gnu
69 silly reify mark deleted [
69 silly reify   '/Users/akshata/Desktop/Project/Pregnancy Risk Calculator/frontend/node_modules/@rollup/rollup-linux-loong64-gnu'
69 silly reify ]
70 verbose reify failed optional dependency /Users/akshata/Desktop/Project/Pregnancy Risk Calculator/frontend/node_modules/@rollup/rollup-linux-arm64-musl
71 silly reify mark deleted [
71 silly reify   '/Users/akshata/Desktop/Project/Pregnancy Risk Calculator/frontend/node_modules/@rollup/rollup-linux-arm64-musl'
71 silly reify ]
72 verbose reify failed optional dependency /Users/akshata/Desktop/Project/Pregnancy Risk Calculator/frontend/node_modules/@rollup/rollup-linux-arm64-gnu
73 silly reify mark deleted [
73 silly reify   '/Users/akshata/Desktop/Project/Pregnancy Risk Calculator/frontend/node_modules/@rollup/rollup-linux-arm64-gnu'
73 silly reify ]
74 verbose reify failed optional dependency /Users/akshata/Desktop/Project/Pregnancy Risk Calculator/frontend/node_modules/@rollup/rollup-linux-arm-musleabihf
75 silly reify mark deleted [
75 silly reify   '/Users/akshata/Desktop/Project/Pregnancy Risk Calculator/frontend/node_modules/@rollup/rollup-linux-arm-musleabihf'
75 silly reify ]
76 verbose reify failed optional dependency /Users/akshata/Desktop/Project/Pregnancy Risk Calculator/frontend/node_modules/@rollup/rollup-linux-arm-gnueabihf
77 silly reify mark deleted [
77 silly reify   '/Users/akshata/Desktop/Project/Pregnancy Risk Calculator/frontend/node_modules/@rollup/rollup-linux-arm-gnueabihf'
77 silly reify ]
78 verbose reify failed optional dependency /Users/akshata/Desktop/Project/Pregnancy Risk Calculator/frontend/node_modules/@rollup/rollup-freebsd-x64
79 silly reify mark deleted [
79 silly reify   '/Users/akshata/Desktop/Project/Pregnancy Risk Calculator/frontend/node_modules/@rollup/rollup-freebsd-x64'
79 silly reify ]
80 verbose reify failed optional dependency /Users/akshata/Desktop/Project/Pregnancy Risk Calculator/frontend/node_modules/@rollup/rollup-freebsd-arm64
81 silly reify mark deleted [
81 silly reify   '/Users/akshata/Desktop/Project/Pregnancy Risk Calculator/frontend/node_modules/@rollup/rollup-freebsd-arm64'
81 silly reify ]
82 verbose reify failed optional dependency /Users/akshata/Desktop/Project/Pregnancy Risk Calculator/frontend/node_modules/@rollup/rollup-darwin-x64
83 silly reify mark deleted [
83 silly reify   '/Users/akshata/Desktop/Project/Pregnancy Risk Calculator/frontend/node_modules/@rollup/rollup-darwin-x64'
83 silly reify ]
84 verbose reify failed optional dependency /Users/akshata/Desktop/Project/Pregnancy Risk Calculator/frontend/node_modules/@rollup/rollup-android-arm64
85 silly reify mark deleted [
85 silly reify   '/Users/akshata/Desktop/Project/Pregnancy Risk Calculator/frontend/node_modules/@rollup/rollup-android-arm64'
85 silly reify ]
86 verbose reify failed optional dependency /Users/akshata/Desktop/Project/Pregnancy Risk Calculator/frontend/node_modules/@rollup/rollup-android-arm-eabi
87 silly reify mark deleted [
87 silly reify   '/Users/akshata/Desktop/Project/Pregnancy Risk Calculator/frontend/node_modules/@rollup/rollup-android-arm-eabi'
87 silly reify ]
88 verbose reify failed optional dependency /Users/akshata/Desktop/Project/Pregnancy Risk Calculator/frontend/node_modules/@esbuild/win32-x64
89 silly reify mark deleted [
89 silly reify   '/Users/akshata/Desktop/Project/Pregnancy Risk Calculator/frontend/node_modules/@esbuild/win32-x64'
89 silly reify ]
90 verbose reify failed optional dependency /Users/akshata/Desktop/Project/Pregnancy Risk Calculator/frontend/node_modules/@esbuild/win32-ia32
91 silly reify mark deleted [
91 silly reify   '/Users/akshata/Desktop/Project/Pregnancy Risk Calculator/frontend/node_modules/@esbuild/win32-ia32'
91 silly reify ]
92 verbose reify failed optional dependency /Users/akshata/Desktop/Project/Pregnancy Risk Calculator/frontend/node_modules/@esbuild/win32-arm64
93 silly reify mark deleted [
93 silly reify   '/Users/akshata/Desktop/Project/Pregnancy Risk Calculator/frontend/node_modules/@esbuild/win32-arm64'
93 silly reify ]
94 verbose reify failed optional dependency /Users/akshata/Desktop/Project/Pregnancy Risk Calculator/frontend/node_modules/@esbuild/sunos-x64
95 silly reify mark deleted [
95 silly reify   '/Users/akshata/Desktop/Project/Pregnancy Risk Calculator/frontend/node_modules/@esbuild/sunos-x64'
95 silly reify ]
96 verbose reify failed optional dependency /Users/akshata/Desktop/Project/Pregnancy Risk Calculator/frontend/node_modules/@esbuild/openharmony-arm64
97 silly reify mark deleted [
97 silly reify   '/Users/akshata/Desktop/Project/Pregnancy Risk Calculator/frontend/node_modules/@esbuild/openharmony-arm64'
97 silly reify ]
98 verbose reify failed optional dependency /Users/akshata/Desktop/Project/Pregnancy Risk Calculator/frontend/node_modules/@esbuild/openbsd-x64
99 silly reify mark deleted [
99 silly reify   '/Users/akshata/Desktop/Project/Pregnancy Risk Calculator/frontend/node_modules/@esbuild/openbsd-x64'
99 silly reify ]
100 verbose reify failed optional dependency /Users/akshata/Desktop/Project/Pregnancy Risk Calculator/frontend/node_modules/@esbuild/openbsd-arm64
101 silly reify mark deleted [
101 silly reify   '/Users/akshata/Desktop/Project/Pregnancy Risk Calculator/frontend/node_modules/@esbuild/openbsd-arm64'
101 silly reify ]
102 verbose reify failed optional dependency /Users/akshata/Desktop/Project/Pregnancy Risk Calculator/frontend/node_modules/@esbuild/netbsd-x64
103 silly reify mark deleted [
103 silly reify   '/Users/akshata/Desktop/Project/Pregnancy Risk Calculator/frontend/node_modules/@esbuild/netbsd-x64'
103 silly reify ]
104 verbose reify failed optional dependency /Users/akshata/Desktop/Project/Pregnancy Risk Calculator/frontend/node_modules/@esbuild/netbsd-arm64
105 silly reify mark deleted [
105 silly reify   '/Users/akshata/Desktop/Project/Pregnancy Risk Calculator/frontend/node_modules/@esbuild/netbsd-arm64'
105 silly reify ]
106 verbose reify failed optional dependency /Users/akshata/Desktop/Project/Pregnancy Risk Calculator/frontend/node_modules/@esbuild/linux-x64
107 silly reify mark deleted [
107 silly reify   '/Users/akshata/Desktop/Project/Pregnancy Risk Calculator/frontend/node_modules/@esbuild/linux-x64'
107 silly reify ]
108 verbose reify failed optional dependency /Users/akshata/Desktop/Project/Pregnancy Risk Calculator/frontend/node_modules/@esbuild/linux-s390x
109 silly reify mark deleted [
109 silly reify   '/Users/akshata/Desktop/Project/Pregnancy Risk Calculator/frontend/node_modules/@esbuild/linux-s390x'
109 silly reify ]
110 verbose reify failed optional dependency /Users/akshata/Desktop/Project/Pregnancy Risk Calculator/frontend/node_modules/@esbuild/linux-riscv64
111 silly reify mark deleted [
111 silly reify   '/Users/akshata/Desktop/Project/Pregnancy Risk Calculator/frontend/node_modules/@esbuild/linux-riscv64'
111 silly reify ]
112 verbose reify failed optional dependency /Users/akshata/Desktop/Project/Pregnancy Risk Calculator/frontend/node_modules/@esbuild/linux-ppc64
113 silly reify mark deleted [
113 silly reify   '/Users/akshata/Desktop/Project/Pregnancy Risk Calculator/frontend/node_modules/@esbuild/linux-ppc64'
113 silly reify ]
114 verbose reify failed optional dependency /Users/akshata/Desktop/Project/Pregnancy Risk Calculator/frontend/node_modules/@esbuild/linux-mips64el
115 silly reify mark deleted [
115 silly reify   '/Users/akshata/Desktop/Project/Pregnancy Risk Calculator/frontend/node_modules/@esbuild/linux-mips64el'
115 silly reify ]
116 verbose reify failed optional dependency /Users/akshata/Desktop/Project/Pregnancy Risk Calculator/frontend/node_modules/@esbuild/linux-loong64
117 silly reify mark deleted [
117 silly reify   '/Users/akshata/Desktop/Project/Pregnancy Risk Calculator/frontend/node_modules/@esbuild/linux-loong64'
117 silly reify ]
118 verbose reify failed optional dependency /Users/akshata/Desktop/Project/Pregnancy Risk Calculator/frontend/node_modules/@esbuild/linux-ia32
119 silly reify mark deleted [
119 silly reify   '/Users/akshata/Desktop/Project/Pregnancy Risk Calculator/frontend/node_modules/@esbuild/linux-ia32'
119 silly reify ]
120 verbose reify failed optional dependency /Users/akshata/Desktop/Project/Pregnancy Risk Calculator/frontend/node_modules/@esbuild/linux-arm64
121 silly reify mark deleted [
121 silly reify   '/Users/akshata/Desktop/Project/Pregnancy Risk Calculator/frontend/node_modules/@esbuild/linux-arm64'
121 silly reify ]
122 verbose reify failed optional dependency /Users/akshata/Desktop/Project/Pregnancy Risk Calculator/frontend/node_modules/@esbuild/linux-arm
123 silly reify mark deleted [
123 silly reify   '/Users/akshata/Desktop/Project/Pregnancy Risk Calculator/frontend/node_modules/@esbuild/linux-arm'
123 silly reify ]
124 verbose reify failed optional dependency /Users/akshata/Desktop/Project/Pregnancy Risk Calculator/frontend/node_modules/@esbuild/freebsd-x64
125 silly reify mark deleted [
125 silly reify   '/Users/akshata/Desktop/Project/Pregnancy Risk Calculator/frontend/node_modules/@esbuild/freebsd-x64'
125 silly reify ]
126 verbose reify failed optional dependency /Users/akshata/Desktop/Project/Pregnancy Risk Calculator/frontend/node_modules/@esbuild/freebsd-arm64
127 silly reify mark deleted [
127 silly reify   '/Users/akshata/Desktop/Project/Pregnancy Risk Calculator/frontend/node_modules/@esbuild/freebsd-arm64'
127 silly reify ]
128 verbose reify failed optional dependency /Users/akshata/Desktop/Project/Pregnancy Risk Calculator/frontend/node_modules/@esbuild/darwin-x64
129 silly reify mark deleted [
129 silly reify   '/Users/akshata/Desktop/Project/Pregnancy Risk Calculator/frontend/node_modules/@esbuild/darwin-x64'
129 silly reify ]
130 verbose reify failed optional dependency /Users/akshata/Desktop/Project/Pregnancy Risk Calculator/frontend/node_modules/@esbuild/android-x64
131 silly reify mark deleted [
131 silly reify   '/Users/akshata/Desktop/Project/Pregnancy Risk Calculator/frontend/node_modules/@esbuild/android-x64'
131 silly reify ]
132 verbose reify failed optional dependency /Users/akshata/Desktop/Project/Pregnancy Risk Calculator/frontend/node_modules/@esbuild/android-arm64
133 silly reify mark deleted [
133 silly reify   '/Users/akshata/Desktop/Project/Pregnancy Risk Calculator/frontend/node_modules/@esbuild/android-arm64'
133 silly reify ]
134 verbose reify failed optional dependency /Users/akshata/Desktop/Project/Pregnancy Risk Calculator/frontend/node_modules/@esbuild/android-arm
135 silly reify mark deleted [
135 silly reify   '/Users/akshata/Desktop/Project/Pregnancy Risk Calculator/frontend/node_modules/@esbuild/android-arm'
135 silly reify ]
136 verbose reify failed optional dependency /Users/akshata/Desktop/Project/Pregnancy Risk Calculator/frontend/node_modules/@esbuild/aix-ppc64
137 silly reify mark deleted [
137 silly reify   '/Users/akshata/Desktop/Project/Pregnancy Risk Calculator/frontend/node_modules/@esbuild/aix-ppc64'
137 silly reify ]
138 http cache postcss-value-parser@https://registry.npmjs.org/postcss-value-parser/-/postcss-value-parser-4.2.0.tgz 0ms (cache hit)
139 http cache normalize-range@https://registry.npmjs.org/normalize-range/-/normalize-range-0.1.2.tgz 0ms (cache hit)
140 http cache autoprefixer@https://registry.npmjs.org/autoprefixer/-/autoprefixer-10.4.22.tgz 0ms (cache hit)
141 http cache fraction.js@https://registry.npmjs.org/fraction.js/-/fraction.js-5.3.4.tgz 0ms (cache hit)
142 http cache fsevents@https://registry.npmjs.org/fsevents/-/fsevents-2.3.3.tgz 0ms (cache hit)
143 http cache tailwindcss@https://registry.npmjs.org/tailwindcss/-/tailwindcss-4.1.17.tgz 0ms (cache hit)
144 silly tarball no local data for postcss-value-parser@https://registry.npmjs.org/postcss-value-parser/-/postcss-value-parser-4.2.0.tgz. Extracting by manifest.
145 silly tarball no local data for normalize-range@https://registry.npmjs.org/normalize-range/-/normalize-range-0.1.2.tgz. Extracting by manifest.
146 silly tarball no local data for autoprefixer@https://registry.npmjs.org/autoprefixer/-/autoprefixer-10.4.22.tgz. Extracting by manifest.
147 silly tarball no local data for fraction.js@https://registry.npmjs.org/fraction.js/-/fraction.js-5.3.4.tgz. Extracting by manifest.
148 silly tarball no local data for tailwindcss@https://registry.npmjs.org/tailwindcss/-/tailwindcss-4.1.17.tgz. Extracting by manifest.
149 http fetch GET 200 https://registry.npmjs.org/normalize-range/-/normalize-range-0.1.2.tgz 63ms (cache miss)
150 http fetch GET 200 https://registry.npmjs.org/postcss-value-parser/-/postcss-value-parser-4.2.0.tgz 70ms (cache miss)
151 http fetch GET 200 https://registry.npmjs.org/fraction.js/-/fraction.js-5.3.4.tgz 185ms (cache miss)
152 http fetch GET 200 https://registry.npmjs.org/autoprefixer/-/autoprefixer-10.4.22.tgz 193ms (cache miss)
153 http fetch GET 200 https://registry.npmjs.org/tailwindcss/-/tailwindcss-4.1.17.tgz 216ms (cache miss)
154 http fetch POST 200 https://registry.npmjs.org/-/npm/v1/security/advisories/bulk 508ms
155 silly audit report {}
156 silly ADD node_modules/postcss-value-parser
157 silly ADD node_modules/normalize-range
158 silly ADD node_modules/fraction.js
159 silly ADD node_modules/tailwindcss
160 silly ADD node_modules/autoprefixer
161 silly ADD node_modules/fsevents
162 silly ADD
163 silly ADD
164 silly ADD
165 silly ADD
166 silly ADD
167 silly ADD
168 silly ADD
169 silly ADD
170 silly ADD
171 silly ADD
172 silly ADD
173 silly ADD
174 silly ADD
175 silly ADD
176 silly ADD
177 silly ADD
178 silly ADD
179 silly ADD
180 silly ADD
181 silly ADD
182 silly ADD
183 silly ADD
184 silly ADD
185 silly ADD
186 silly ADD
187 silly ADD
188 silly ADD
189 silly ADD
190 silly ADD
191 silly ADD
192 silly ADD
193 silly ADD
194 silly ADD
195 silly ADD
196 silly ADD
197 silly ADD
198 silly ADD
199 silly ADD
200 silly ADD
201 silly ADD
202 silly ADD
203 silly ADD
204 silly ADD
205 silly ADD
206 silly ADD
207 silly ADD
208 verbose cwd /Users/akshata/Desktop/Project/Pregnancy Risk Calculator/frontend
209 verbose os Darwin 24.3.0
210 verbose node v22.14.0
211 verbose npm  v10.9.2
212 verbose exit 0
213 info ok
